#
# There is insufficient memory for the Java Runtime Environment to continue.
# Native memory allocation (malloc) failed to allocate 1054896 bytes for Chunk::new
# Possible reasons:
#   The system is out of physical RAM or swap space
#   The process is running with CompressedOops enabled, and the Java Heap may be blocking the growth of the native heap
# Possible solutions:
#   Reduce memory load on the system
#   Increase physical memory or swap space
#   Check if swap backing store is full
#   Decrease Java heap size (-Xmx/-Xms)
#   Decrease number of Java threads
#   Decrease Java thread stack sizes (-Xss)
#   Set larger code cache with -XX:ReservedCodeCacheSize=
#   JVM is running with Unscaled Compressed Oops mode in which the Java heap is
#     placed in the first 4GB address space. The Java Heap base address is the
#     maximum limit for the native heap growth. Please use -XX:HeapBaseMinAddress
#     to set the Java Heap base and to place the Java Heap above 4GB virtual address.
# This output file may be truncated or incomplete.
#
#  Out of Memory Error (./open/src/hotspot/share/memory/arena.cpp:197), pid=3168, tid=8928
#
# JRE version: Java(TM) SE Runtime Environment 18.9 (11.0.15+8) (build 11.0.15+8-LTS-149)
# Java VM: Java HotSpot(TM) 64-Bit Server VM 18.9 (11.0.15+8-LTS-149, mixed mode, tiered, compressed oops, g1 gc, windows-amd64)
# No core dump will be written. Minidumps are not enabled by default on client versions of Windows
#

---------------  S U M M A R Y ------------

Command Line: -javaagent:C:\Program Files\JetBrains\IntelliJ IDEA Community Edition 2022.2.1\lib\idea_rt.jar=51882:C:\Program Files\JetBrains\IntelliJ IDEA Community Edition 2022.2.1\bin -Dfile.encoding=UTF-8 com.training.springboot.SpringbootDemoApplication

Host: Intel(R) Xeon(R) Platinum 8272CL CPU @ 2.60GHz, 2 cores, 7G,  Windows 10 , 64 bit Build 19041 (10.0.19041.1889)
Time: Mon Sep  5 15:16:39 2022 Coordinated Universal Time elapsed time: 297069.876310 seconds (3d 10h 31m 9s)

---------------  T H R E A D  ---------------

Current thread (0x0000021eadc96800):  JavaThread "C2 CompilerThread0" daemon [_thread_in_native, id=8928, stack(0x000000acb4100000,0x000000acb4200000)]


Current CompileTask:
C2:297069876 5851       4       com.mongodb.internal.connection.InternalConnectionFactory::create (16 bytes)

Stack: [0x000000acb4100000,0x000000acb4200000]
Native frames: (J=compiled Java code, j=interpreted, Vv=VM code, C=native code)
V  [jvm.dll+0x629d8a]
V  [jvm.dll+0x7638ff]
V  [jvm.dll+0x764fa9]
V  [jvm.dll+0x765633]
V  [jvm.dll+0x23d9c8]
V  [jvm.dll+0xb2a1c]
V  [jvm.dll+0xb2fdc]
V  [jvm.dll+0x341002]
V  [jvm.dll+0x30e9b3]
V  [jvm.dll+0x30dcfa]
V  [jvm.dll+0x1f8565]
V  [jvm.dll+0x1f774d]
V  [jvm.dll+0x177c51]
V  [jvm.dll+0x207026]
V  [jvm.dll+0x2051bb]
V  [jvm.dll+0x729820]
V  [jvm.dll+0x7223f4]
V  [jvm.dll+0x628c26]
C  [ucrtbase.dll+0x21bb2]
C  [KERNEL32.DLL+0x17034]
C  [ntdll.dll+0x52651]


---------------  P R O C E S S  ---------------

Threads class SMR info:
_java_thread_list=0x0000021eaed71de0, length=28, elements={
0x0000021eadc84000, 0x0000021eadc73000, 0x0000021eae622800, 0x0000021eae623000,
0x0000021eadc91800, 0x0000021eadc96800, 0x0000021eadc99000, 0x0000021eadcaa000,
0x0000021eae759800, 0x0000021eaedd8000, 0x0000021eafc07800, 0x0000021eafc33000,
0x0000021eafa45800, 0x0000021eb2162000, 0x0000021eb24b1000, 0x0000021eb273d000,
0x0000021eb273e000, 0x0000021eb273f000, 0x0000021eb273a000, 0x0000021eb273f800,
0x0000021eb2740800, 0x0000021eb273b000, 0x0000021eb273b800, 0x0000021eb273c800,
0x0000021eb1cdf000, 0x0000021eb1cda000, 0x0000021eb1ce0000, 0x0000021eb1cde000
}

Java Threads: ( => current thread )
  0x0000021eadc84000 JavaThread "Reference Handler" daemon [_thread_blocked, id=5032, stack(0x000000acb3c00000,0x000000acb3d00000)]
  0x0000021eadc73000 JavaThread "Finalizer" daemon [_thread_blocked, id=12080, stack(0x000000acb3d00000,0x000000acb3e00000)]
  0x0000021eae622800 JavaThread "Signal Dispatcher" daemon [_thread_blocked, id=2212, stack(0x000000acb3e00000,0x000000acb3f00000)]
  0x0000021eae623000 JavaThread "Attach Listener" daemon [_thread_blocked, id=4276, stack(0x000000acb3f00000,0x000000acb4000000)]
  0x0000021eadc91800 JavaThread "Service Thread" daemon [_thread_blocked, id=5536, stack(0x000000acb4000000,0x000000acb4100000)]
=>0x0000021eadc96800 JavaThread "C2 CompilerThread0" daemon [_thread_in_native, id=8928, stack(0x000000acb4100000,0x000000acb4200000)]
  0x0000021eadc99000 JavaThread "C1 CompilerThread0" daemon [_thread_blocked, id=1496, stack(0x000000acb4200000,0x000000acb4300000)]
  0x0000021eadcaa000 JavaThread "Sweeper thread" daemon [_thread_blocked, id=9456, stack(0x000000acb4300000,0x000000acb4400000)]
  0x0000021eae759800 JavaThread "Common-Cleaner" daemon [_thread_blocked, id=12280, stack(0x000000acb4400000,0x000000acb4500000)]
  0x0000021eaedd8000 JavaThread "Catalina-utility-1" [_thread_blocked, id=6640, stack(0x000000acb4a00000,0x000000acb4b00000)]
  0x0000021eafc07800 JavaThread "Catalina-utility-2" [_thread_blocked, id=9436, stack(0x000000acb4b00000,0x000000acb4c00000)]
  0x0000021eafc33000 JavaThread "container-0" [_thread_blocked, id=12688, stack(0x000000acb4c00000,0x000000acb4d00000)]
  0x0000021eafa45800 JavaThread "cluster-ClusterId{value='63118a6b889ce95d35cd8411', description='null'}-localhost:27017" daemon [_thread_in_native, id=6748, stack(0x000000acb4d00000,0x000000acb4e00000)]
  0x0000021eb2162000 JavaThread "cluster-rtt-ClusterId{value='63118a6b889ce95d35cd8411', description='null'}-localhost:27017" daemon [_thread_in_native, id=7208, stack(0x000000acb4e00000,0x000000acb4f00000)]
  0x0000021eb24b1000 JavaThread "MaintenanceTimer-1-thread-1" daemon [_thread_blocked, id=11172, stack(0x000000acb5000000,0x000000acb5100000)]
  0x0000021eb273d000 JavaThread "File Watcher" daemon [_thread_blocked, id=7928, stack(0x000000acb5100000,0x000000acb5200000)]
  0x0000021eb273e000 JavaThread "http-nio-7086-Poller" daemon [_thread_in_native, id=11368, stack(0x000000acb5200000,0x000000acb5300000)]
  0x0000021eb273f000 JavaThread "http-nio-7086-Acceptor" daemon [_thread_in_native, id=8476, stack(0x000000acb5300000,0x000000acb5400000)]
  0x0000021eb273a000 JavaThread "DestroyJavaVM" [_thread_blocked, id=11228, stack(0x000000acb3500000,0x000000acb3600000)]
  0x0000021eb273f800 JavaThread "http-nio-7086-exec-1" daemon [_thread_blocked, id=7112, stack(0x000000acb5400000,0x000000acb5500000)]
  0x0000021eb2740800 JavaThread "http-nio-7086-exec-2" daemon [_thread_blocked, id=6360, stack(0x000000acb5500000,0x000000acb5600000)]
  0x0000021eb273b000 JavaThread "http-nio-7086-exec-3" daemon [_thread_blocked, id=888, stack(0x000000acb3400000,0x000000acb3500000)]
  0x0000021eb273b800 JavaThread "http-nio-7086-exec-4" daemon [_thread_blocked, id=10532, stack(0x000000acb4800000,0x000000acb4900000)]
  0x0000021eb273c800 JavaThread "http-nio-7086-exec-5" daemon [_thread_blocked, id=10584, stack(0x000000acb4900000,0x000000acb4a00000)]
  0x0000021eb1cdf000 JavaThread "http-nio-7086-exec-6" daemon [_thread_blocked, id=11568, stack(0x000000acb4f00000,0x000000acb5000000)]
  0x0000021eb1cda000 JavaThread "http-nio-7086-exec-7" daemon [_thread_blocked, id=6344, stack(0x000000acb5600000,0x000000acb5700000)]
  0x0000021eb1ce0000 JavaThread "http-nio-7086-exec-8" daemon [_thread_blocked, id=12040, stack(0x000000acb5700000,0x000000acb5800000)]
  0x0000021eb1cde000 JavaThread "http-nio-7086-exec-9" daemon [_thread_blocked, id=3624, stack(0x000000acb3300000,0x000000acb3400000)]

Other Threads:
  0x0000021eadc71800 VMThread "VM Thread" [stack: 0x000000acb3b00000,0x000000acb3c00000] [id=628]
  0x0000021eaeb29800 WatcherThread [stack: 0x000000acb4600000,0x000000acb4700000] [id=7416]
  0x0000021e909c3800 GCTaskThread "GC Thread#0" [stack: 0x000000acb3600000,0x000000acb3700000] [id=8276]
  0x0000021eaed26800 GCTaskThread "GC Thread#1" [stack: 0x000000acb4700000,0x000000acb4800000] [id=6856]
  0x0000021e909f3800 ConcurrentGCThread "G1 Main Marker" [stack: 0x000000acb3700000,0x000000acb3800000] [id=8556]
  0x0000021e909f5800 ConcurrentGCThread "G1 Conc#0" [stack: 0x000000acb3800000,0x000000acb3900000] [id=12808]
  0x0000021e90a7e000 ConcurrentGCThread "G1 Refine#0" [stack: 0x000000acb3900000,0x000000acb3a00000] [id=4340]
  0x0000021e90a7f000 ConcurrentGCThread "G1 Young RemSet Sampling" [stack: 0x000000acb3a00000,0x000000acb3b00000] [id=6156]

Threads with active compile tasks:
C2 CompilerThread0297069897 5851       4       com.mongodb.internal.connection.InternalConnectionFactory::create (16 bytes)

VM state:not at safepoint (normal execution)

VM Mutex/Monitor currently owned by a thread: None

Heap address: 0x0000000080000000, size: 2048 MB, Compressed Oops mode: 32-bit
Narrow klass base: 0x0000000000000000, Narrow klass shift: 3
Compressed class space size: 1073741824 Address: 0x0000000100000000

Heap:
 garbage-first heap   total 189440K, used 52451K [0x0000000080000000, 0x0000000100000000)
  region size 1024K, 36 young (36864K), 1 survivors (1024K)
 Metaspace       used 52394K, capacity 53927K, committed 54144K, reserved 1095680K
  class space    used 6383K, capacity 7030K, committed 7040K, reserved 1048576K
Heap Regions: E=young(eden), S=young(survivor), O=old, HS=humongous(starts), HC=humongous(continues), CS=collection set, F=free, A=archive, TAMS=top-at-mark-start (previous, next)
|   0|0x0000000080000000, 0x0000000080100000, 0x0000000080100000|100%| O|  |TAMS 0x0000000080100000, 0x0000000080000000| Untracked 
|   1|0x0000000080100000, 0x0000000080200000, 0x0000000080200000|100%| O|  |TAMS 0x0000000080200000, 0x0000000080100000| Untracked 
|   2|0x0000000080200000, 0x0000000080300000, 0x0000000080300000|100%| O|  |TAMS 0x0000000080300000, 0x0000000080200000| Untracked 
|   3|0x0000000080300000, 0x0000000080400000, 0x0000000080400000|100%| O|  |TAMS 0x0000000080400000, 0x0000000080300000| Untracked 
|   4|0x0000000080400000, 0x0000000080500000, 0x0000000080500000|100%| O|  |TAMS 0x0000000080500000, 0x0000000080400000| Untracked 
|   5|0x0000000080500000, 0x0000000080600000, 0x0000000080600000|100%| O|  |TAMS 0x000000008050cc00, 0x0000000080500000| Untracked 
|   6|0x0000000080600000, 0x0000000080700000, 0x0000000080700000|100%| O|  |TAMS 0x0000000080600000, 0x0000000080600000| Untracked 
|   7|0x0000000080700000, 0x0000000080800000, 0x0000000080800000|100%| O|  |TAMS 0x0000000080700000, 0x0000000080700000| Untracked 
|   8|0x0000000080800000, 0x0000000080900000, 0x0000000080900000|100%| O|  |TAMS 0x0000000080800000, 0x0000000080800000| Untracked 
|   9|0x0000000080900000, 0x0000000080a00000, 0x0000000080a00000|100%| O|  |TAMS 0x0000000080900000, 0x0000000080900000| Untracked 
|  10|0x0000000080a00000, 0x0000000080b00000, 0x0000000080b00000|100%| O|  |TAMS 0x0000000080a00000, 0x0000000080a00000| Untracked 
|  11|0x0000000080b00000, 0x0000000080c00000, 0x0000000080c00000|100%| O|  |TAMS 0x0000000080b00000, 0x0000000080b00000| Untracked 
|  12|0x0000000080c00000, 0x0000000080d00000, 0x0000000080d00000|100%| O|  |TAMS 0x0000000080c00000, 0x0000000080c00000| Untracked 
|  13|0x0000000080d00000, 0x0000000080e00000, 0x0000000080e00000|100%| O|  |TAMS 0x0000000080d00000, 0x0000000080d00000| Untracked 
|  14|0x0000000080e00000, 0x0000000080f00000, 0x0000000080f00000|100%| O|  |TAMS 0x0000000080e00000, 0x0000000080e00000| Untracked 
|  15|0x0000000080f00000, 0x0000000081000000, 0x0000000081000000|100%| O|  |TAMS 0x0000000080f00000, 0x0000000080f00000| Untracked 
|  16|0x0000000081000000, 0x0000000081100000, 0x0000000081100000|100%| O|  |TAMS 0x0000000081000000, 0x0000000081000000| Untracked 
|  17|0x0000000081100000, 0x0000000081131400, 0x0000000081200000| 19%| O|  |TAMS 0x0000000081100000, 0x0000000081100000| Untracked 
|  18|0x0000000081200000, 0x0000000081200000, 0x0000000081300000|  0%| F|  |TAMS 0x0000000081200000, 0x0000000081200000| Untracked 
|  19|0x0000000081300000, 0x0000000081300000, 0x0000000081400000|  0%| F|  |TAMS 0x0000000081300000, 0x0000000081300000| Untracked 
|  20|0x0000000081400000, 0x0000000081400000, 0x0000000081500000|  0%| F|  |TAMS 0x0000000081400000, 0x0000000081400000| Untracked 
|  21|0x0000000081500000, 0x0000000081500000, 0x0000000081600000|  0%| F|  |TAMS 0x0000000081500000, 0x0000000081500000| Untracked 
|  22|0x0000000081600000, 0x0000000081600000, 0x0000000081700000|  0%| F|  |TAMS 0x0000000081600000, 0x0000000081600000| Untracked 
|  23|0x0000000081700000, 0x0000000081700000, 0x0000000081800000|  0%| F|  |TAMS 0x0000000081700000, 0x0000000081700000| Untracked 
|  24|0x0000000081800000, 0x0000000081800000, 0x0000000081900000|  0%| F|  |TAMS 0x0000000081800000, 0x0000000081800000| Untracked 
|  25|0x0000000081900000, 0x0000000081900000, 0x0000000081a00000|  0%| F|  |TAMS 0x0000000081900000, 0x0000000081900000| Untracked 
|  26|0x0000000081a00000, 0x0000000081a00000, 0x0000000081b00000|  0%| F|  |TAMS 0x0000000081a00000, 0x0000000081a00000| Untracked 
|  27|0x0000000081b00000, 0x0000000081b00000, 0x0000000081c00000|  0%| F|  |TAMS 0x0000000081b00000, 0x0000000081b00000| Untracked 
|  28|0x0000000081c00000, 0x0000000081c00000, 0x0000000081d00000|  0%| F|  |TAMS 0x0000000081c00000, 0x0000000081c00000| Untracked 
|  29|0x0000000081d00000, 0x0000000081d00000, 0x0000000081e00000|  0%| F|  |TAMS 0x0000000081d00000, 0x0000000081d00000| Untracked 
|  30|0x0000000081e00000, 0x0000000081e00000, 0x0000000081f00000|  0%| F|  |TAMS 0x0000000081e00000, 0x0000000081e00000| Untracked 
|  31|0x0000000081f00000, 0x0000000081f00000, 0x0000000082000000|  0%| F|  |TAMS 0x0000000081f00000, 0x0000000081f00000| Untracked 
|  32|0x0000000082000000, 0x0000000082000000, 0x0000000082100000|  0%| F|  |TAMS 0x0000000082000000, 0x0000000082000000| Untracked 
|  33|0x0000000082100000, 0x0000000082100000, 0x0000000082200000|  0%| F|  |TAMS 0x0000000082100000, 0x0000000082100000| Untracked 
|  34|0x0000000082200000, 0x0000000082200000, 0x0000000082300000|  0%| F|  |TAMS 0x0000000082200000, 0x0000000082200000| Untracked 
|  35|0x0000000082300000, 0x0000000082300000, 0x0000000082400000|  0%| F|  |TAMS 0x0000000082300000, 0x0000000082300000| Untracked 
|  36|0x0000000082400000, 0x0000000082400000, 0x0000000082500000|  0%| F|  |TAMS 0x0000000082400000, 0x0000000082400000| Untracked 
|  37|0x0000000082500000, 0x0000000082500000, 0x0000000082600000|  0%| F|  |TAMS 0x0000000082500000, 0x0000000082500000| Untracked 
|  38|0x0000000082600000, 0x0000000082600000, 0x0000000082700000|  0%| F|  |TAMS 0x0000000082600000, 0x0000000082600000| Untracked 
|  39|0x0000000082700000, 0x0000000082700000, 0x0000000082800000|  0%| F|  |TAMS 0x0000000082700000, 0x0000000082700000| Untracked 
|  40|0x0000000082800000, 0x0000000082800000, 0x0000000082900000|  0%| F|  |TAMS 0x0000000082800000, 0x0000000082800000| Untracked 
|  41|0x0000000082900000, 0x0000000082900000, 0x0000000082a00000|  0%| F|  |TAMS 0x0000000082900000, 0x0000000082900000| Untracked 
|  42|0x0000000082a00000, 0x0000000082a00000, 0x0000000082b00000|  0%| F|  |TAMS 0x0000000082a00000, 0x0000000082a00000| Untracked 
|  43|0x0000000082b00000, 0x0000000082b00000, 0x0000000082c00000|  0%| F|  |TAMS 0x0000000082b00000, 0x0000000082b00000| Untracked 
|  44|0x0000000082c00000, 0x0000000082c00000, 0x0000000082d00000|  0%| F|  |TAMS 0x0000000082c00000, 0x0000000082c00000| Untracked 
|  45|0x0000000082d00000, 0x0000000082d00000, 0x0000000082e00000|  0%| F|  |TAMS 0x0000000082d00000, 0x0000000082d00000| Untracked 
|  46|0x0000000082e00000, 0x0000000082e00000, 0x0000000082f00000|  0%| F|  |TAMS 0x0000000082e00000, 0x0000000082e00000| Untracked 
|  47|0x0000000082f00000, 0x0000000082f00000, 0x0000000083000000|  0%| F|  |TAMS 0x0000000082f00000, 0x0000000082f00000| Untracked 
|  48|0x0000000083000000, 0x0000000083000000, 0x0000000083100000|  0%| F|  |TAMS 0x0000000083000000, 0x0000000083000000| Untracked 
|  49|0x0000000083100000, 0x0000000083100000, 0x0000000083200000|  0%| F|  |TAMS 0x0000000083100000, 0x0000000083100000| Untracked 
|  50|0x0000000083200000, 0x0000000083200000, 0x0000000083300000|  0%| F|  |TAMS 0x0000000083200000, 0x0000000083200000| Untracked 
|  51|0x0000000083300000, 0x0000000083300000, 0x0000000083400000|  0%| F|  |TAMS 0x0000000083300000, 0x0000000083300000| Untracked 
|  52|0x0000000083400000, 0x0000000083400000, 0x0000000083500000|  0%| F|  |TAMS 0x0000000083400000, 0x0000000083400000| Untracked 
|  53|0x0000000083500000, 0x0000000083500000, 0x0000000083600000|  0%| F|  |TAMS 0x0000000083500000, 0x0000000083500000| Untracked 
|  54|0x0000000083600000, 0x0000000083600000, 0x0000000083700000|  0%| F|  |TAMS 0x0000000083600000, 0x0000000083600000| Untracked 
|  55|0x0000000083700000, 0x0000000083700000, 0x0000000083800000|  0%| F|  |TAMS 0x0000000083700000, 0x0000000083700000| Untracked 
|  56|0x0000000083800000, 0x0000000083800000, 0x0000000083900000|  0%| F|  |TAMS 0x0000000083800000, 0x0000000083800000| Untracked 
|  57|0x0000000083900000, 0x0000000083900000, 0x0000000083a00000|  0%| F|  |TAMS 0x0000000083900000, 0x0000000083900000| Untracked 
|  58|0x0000000083a00000, 0x0000000083a00000, 0x0000000083b00000|  0%| F|  |TAMS 0x0000000083a00000, 0x0000000083a00000| Untracked 
|  59|0x0000000083b00000, 0x0000000083b00000, 0x0000000083c00000|  0%| F|  |TAMS 0x0000000083b00000, 0x0000000083b00000| Untracked 
|  60|0x0000000083c00000, 0x0000000083c00000, 0x0000000083d00000|  0%| F|  |TAMS 0x0000000083c00000, 0x0000000083c00000| Untracked 
|  61|0x0000000083d00000, 0x0000000083d00000, 0x0000000083e00000|  0%| F|  |TAMS 0x0000000083d00000, 0x0000000083d00000| Untracked 
|  62|0x0000000083e00000, 0x0000000083e00000, 0x0000000083f00000|  0%| F|  |TAMS 0x0000000083e00000, 0x0000000083e00000| Untracked 
|  63|0x0000000083f00000, 0x0000000083f00000, 0x0000000084000000|  0%| F|  |TAMS 0x0000000083f00000, 0x0000000083f00000| Untracked 
|  64|0x0000000084000000, 0x0000000084000000, 0x0000000084100000|  0%| F|  |TAMS 0x0000000084000000, 0x0000000084000000| Untracked 
|  65|0x0000000084100000, 0x0000000084100000, 0x0000000084200000|  0%| F|  |TAMS 0x0000000084100000, 0x0000000084100000| Untracked 
|  66|0x0000000084200000, 0x0000000084200000, 0x0000000084300000|  0%| F|  |TAMS 0x0000000084200000, 0x0000000084200000| Untracked 
|  67|0x0000000084300000, 0x0000000084300000, 0x0000000084400000|  0%| F|  |TAMS 0x0000000084300000, 0x0000000084300000| Untracked 
|  68|0x0000000084400000, 0x0000000084400000, 0x0000000084500000|  0%| F|  |TAMS 0x0000000084400000, 0x0000000084400000| Untracked 
|  69|0x0000000084500000, 0x0000000084500000, 0x0000000084600000|  0%| F|  |TAMS 0x0000000084500000, 0x0000000084500000| Untracked 
|  70|0x0000000084600000, 0x0000000084600000, 0x0000000084700000|  0%| F|  |TAMS 0x0000000084600000, 0x0000000084600000| Untracked 
|  71|0x0000000084700000, 0x0000000084700000, 0x0000000084800000|  0%| F|  |TAMS 0x0000000084700000, 0x0000000084700000| Untracked 
|  72|0x0000000084800000, 0x0000000084800000, 0x0000000084900000|  0%| F|  |TAMS 0x0000000084800000, 0x0000000084800000| Untracked 
|  73|0x0000000084900000, 0x0000000084900000, 0x0000000084a00000|  0%| F|  |TAMS 0x0000000084900000, 0x0000000084900000| Untracked 
|  74|0x0000000084a00000, 0x0000000084a07bc0, 0x0000000084b00000|  3%| S|CS|TAMS 0x0000000084a00000, 0x0000000084a00000| Complete 
|  75|0x0000000084b00000, 0x0000000084b00000, 0x0000000084c00000|  0%| F|  |TAMS 0x0000000084b00000, 0x0000000084b00000| Untracked 
|  76|0x0000000084c00000, 0x0000000084c00000, 0x0000000084d00000|  0%| F|  |TAMS 0x0000000084c00000, 0x0000000084c00000| Untracked 
|  77|0x0000000084d00000, 0x0000000084d00000, 0x0000000084e00000|  0%| F|  |TAMS 0x0000000084d00000, 0x0000000084d00000| Untracked 
|  78|0x0000000084e00000, 0x0000000084e00000, 0x0000000084f00000|  0%| F|  |TAMS 0x0000000084e00000, 0x0000000084e00000| Untracked 
|  79|0x0000000084f00000, 0x0000000084f00000, 0x0000000085000000|  0%| F|  |TAMS 0x0000000084f00000, 0x0000000084f00000| Untracked 
|  80|0x0000000085000000, 0x0000000085000000, 0x0000000085100000|  0%| F|  |TAMS 0x0000000085000000, 0x0000000085000000| Untracked 
|  81|0x0000000085100000, 0x0000000085100000, 0x0000000085200000|  0%| F|  |TAMS 0x0000000085100000, 0x0000000085100000| Untracked 
|  82|0x0000000085200000, 0x0000000085200000, 0x0000000085300000|  0%| F|  |TAMS 0x0000000085200000, 0x0000000085200000| Untracked 
|  83|0x0000000085300000, 0x0000000085300000, 0x0000000085400000|  0%| F|  |TAMS 0x0000000085300000, 0x0000000085300000| Untracked 
|  84|0x0000000085400000, 0x0000000085400000, 0x0000000085500000|  0%| F|  |TAMS 0x0000000085400000, 0x0000000085400000| Untracked 
|  85|0x0000000085500000, 0x0000000085500000, 0x0000000085600000|  0%| F|  |TAMS 0x0000000085500000, 0x0000000085500000| Untracked 
|  86|0x0000000085600000, 0x0000000085600000, 0x0000000085700000|  0%| F|  |TAMS 0x0000000085600000, 0x0000000085600000| Untracked 
|  87|0x0000000085700000, 0x0000000085700000, 0x0000000085800000|  0%| F|  |TAMS 0x0000000085700000, 0x0000000085700000| Untracked 
|  88|0x0000000085800000, 0x0000000085800000, 0x0000000085900000|  0%| F|  |TAMS 0x0000000085800000, 0x0000000085800000| Untracked 
|  89|0x0000000085900000, 0x0000000085900000, 0x0000000085a00000|  0%| F|  |TAMS 0x0000000085900000, 0x0000000085900000| Untracked 
|  90|0x0000000085a00000, 0x0000000085a00000, 0x0000000085b00000|  0%| F|  |TAMS 0x0000000085a00000, 0x0000000085a00000| Untracked 
|  91|0x0000000085b00000, 0x0000000085b00000, 0x0000000085c00000|  0%| F|  |TAMS 0x0000000085b00000, 0x0000000085b00000| Untracked 
|  92|0x0000000085c00000, 0x0000000085c00000, 0x0000000085d00000|  0%| F|  |TAMS 0x0000000085c00000, 0x0000000085c00000| Untracked 
|  93|0x0000000085d00000, 0x0000000085d00000, 0x0000000085e00000|  0%| F|  |TAMS 0x0000000085d00000, 0x0000000085d00000| Untracked 
|  94|0x0000000085e00000, 0x0000000085e00000, 0x0000000085f00000|  0%| F|  |TAMS 0x0000000085e00000, 0x0000000085e00000| Untracked 
|  95|0x0000000085f00000, 0x0000000085f00000, 0x0000000086000000|  0%| F|  |TAMS 0x0000000085f00000, 0x0000000085f00000| Untracked 
|  96|0x0000000086000000, 0x0000000086000000, 0x0000000086100000|  0%| F|  |TAMS 0x0000000086000000, 0x0000000086000000| Untracked 
|  97|0x0000000086100000, 0x0000000086100000, 0x0000000086200000|  0%| F|  |TAMS 0x0000000086100000, 0x0000000086100000| Untracked 
|  98|0x0000000086200000, 0x0000000086200000, 0x0000000086300000|  0%| F|  |TAMS 0x0000000086200000, 0x0000000086200000| Untracked 
|  99|0x0000000086300000, 0x0000000086300000, 0x0000000086400000|  0%| F|  |TAMS 0x0000000086300000, 0x0000000086300000| Untracked 
| 100|0x0000000086400000, 0x0000000086400000, 0x0000000086500000|  0%| F|  |TAMS 0x0000000086400000, 0x0000000086400000| Untracked 
| 101|0x0000000086500000, 0x0000000086500000, 0x0000000086600000|  0%| F|  |TAMS 0x0000000086500000, 0x0000000086500000| Untracked 
| 102|0x0000000086600000, 0x0000000086600000, 0x0000000086700000|  0%| F|  |TAMS 0x0000000086600000, 0x0000000086600000| Untracked 
| 103|0x0000000086700000, 0x0000000086700000, 0x0000000086800000|  0%| F|  |TAMS 0x0000000086700000, 0x0000000086700000| Untracked 
| 104|0x0000000086800000, 0x0000000086800000, 0x0000000086900000|  0%| F|  |TAMS 0x0000000086800000, 0x0000000086800000| Untracked 
| 105|0x0000000086900000, 0x0000000086900000, 0x0000000086a00000|  0%| F|  |TAMS 0x0000000086900000, 0x0000000086900000| Untracked 
| 106|0x0000000086a00000, 0x0000000086a00000, 0x0000000086b00000|  0%| F|  |TAMS 0x0000000086a00000, 0x0000000086a00000| Untracked 
| 107|0x0000000086b00000, 0x0000000086b00000, 0x0000000086c00000|  0%| F|  |TAMS 0x0000000086b00000, 0x0000000086b00000| Untracked 
| 108|0x0000000086c00000, 0x0000000086c00000, 0x0000000086d00000|  0%| F|  |TAMS 0x0000000086c00000, 0x0000000086c00000| Untracked 
| 109|0x0000000086d00000, 0x0000000086d00000, 0x0000000086e00000|  0%| F|  |TAMS 0x0000000086d00000, 0x0000000086d00000| Untracked 
| 110|0x0000000086e00000, 0x0000000086e00000, 0x0000000086f00000|  0%| F|  |TAMS 0x0000000086e00000, 0x0000000086e00000| Untracked 
| 111|0x0000000086f00000, 0x0000000086f00000, 0x0000000087000000|  0%| F|  |TAMS 0x0000000086f00000, 0x0000000086f00000| Untracked 
| 112|0x0000000087000000, 0x0000000087000000, 0x0000000087100000|  0%| F|  |TAMS 0x0000000087000000, 0x0000000087000000| Untracked 
| 113|0x0000000087100000, 0x0000000087100000, 0x0000000087200000|  0%| F|  |TAMS 0x0000000087100000, 0x0000000087100000| Untracked 
| 114|0x0000000087200000, 0x0000000087200000, 0x0000000087300000|  0%| F|  |TAMS 0x0000000087200000, 0x0000000087200000| Untracked 
| 115|0x0000000087300000, 0x0000000087300000, 0x0000000087400000|  0%| F|  |TAMS 0x0000000087300000, 0x0000000087300000| Untracked 
| 116|0x0000000087400000, 0x0000000087400000, 0x0000000087500000|  0%| F|  |TAMS 0x0000000087400000, 0x0000000087400000| Untracked 
| 117|0x0000000087500000, 0x0000000087500000, 0x0000000087600000|  0%| F|  |TAMS 0x0000000087500000, 0x0000000087500000| Untracked 
| 118|0x0000000087600000, 0x0000000087600000, 0x0000000087700000|  0%| F|  |TAMS 0x0000000087600000, 0x0000000087600000| Untracked 
| 119|0x0000000087700000, 0x0000000087700000, 0x0000000087800000|  0%| F|  |TAMS 0x0000000087700000, 0x0000000087700000| Untracked 
| 120|0x0000000087800000, 0x0000000087800000, 0x0000000087900000|  0%| F|  |TAMS 0x0000000087800000, 0x0000000087800000| Untracked 
| 121|0x0000000087900000, 0x0000000087900000, 0x0000000087a00000|  0%| F|  |TAMS 0x0000000087900000, 0x0000000087900000| Untracked 
| 122|0x0000000087a00000, 0x0000000087a00000, 0x0000000087b00000|  0%| F|  |TAMS 0x0000000087a00000, 0x0000000087a00000| Untracked 
| 123|0x0000000087b00000, 0x0000000087b00000, 0x0000000087c00000|  0%| F|  |TAMS 0x0000000087b00000, 0x0000000087b00000| Untracked 
| 124|0x0000000087c00000, 0x0000000087c00000, 0x0000000087d00000|  0%| F|  |TAMS 0x0000000087c00000, 0x0000000087c00000| Untracked 
| 125|0x0000000087d00000, 0x0000000087d00000, 0x0000000087e00000|  0%| F|  |TAMS 0x0000000087d00000, 0x0000000087d00000| Untracked 
| 126|0x0000000087e00000, 0x0000000087e00000, 0x0000000087f00000|  0%| F|  |TAMS 0x0000000087e00000, 0x0000000087e00000| Untracked 
| 127|0x0000000087f00000, 0x0000000087f00000, 0x0000000088000000|  0%| F|  |TAMS 0x0000000087f00000, 0x0000000087f00000| Untracked 
| 128|0x0000000088000000, 0x0000000088000000, 0x0000000088100000|  0%| F|  |TAMS 0x0000000088000000, 0x0000000088000000| Untracked 
| 129|0x0000000088100000, 0x0000000088100000, 0x0000000088200000|  0%| F|  |TAMS 0x0000000088100000, 0x0000000088100000| Untracked 
| 130|0x0000000088200000, 0x0000000088200000, 0x0000000088300000|  0%| F|  |TAMS 0x0000000088200000, 0x0000000088200000| Untracked 
| 131|0x0000000088300000, 0x0000000088300000, 0x0000000088400000|  0%| F|  |TAMS 0x0000000088300000, 0x0000000088300000| Untracked 
| 132|0x0000000088400000, 0x0000000088400000, 0x0000000088500000|  0%| F|  |TAMS 0x0000000088400000, 0x0000000088400000| Untracked 
| 133|0x0000000088500000, 0x0000000088500000, 0x0000000088600000|  0%| F|  |TAMS 0x0000000088500000, 0x0000000088500000| Untracked 
| 134|0x0000000088600000, 0x0000000088600000, 0x0000000088700000|  0%| F|  |TAMS 0x0000000088600000, 0x0000000088600000| Untracked 
| 135|0x0000000088700000, 0x0000000088700000, 0x0000000088800000|  0%| F|  |TAMS 0x0000000088700000, 0x0000000088700000| Untracked 
| 136|0x0000000088800000, 0x0000000088800000, 0x0000000088900000|  0%| F|  |TAMS 0x0000000088800000, 0x0000000088800000| Untracked 
| 137|0x0000000088900000, 0x0000000088900000, 0x0000000088a00000|  0%| F|  |TAMS 0x0000000088900000, 0x0000000088900000| Untracked 
| 138|0x0000000088a00000, 0x0000000088a00000, 0x0000000088b00000|  0%| F|  |TAMS 0x0000000088a00000, 0x0000000088a00000| Untracked 
| 139|0x0000000088b00000, 0x0000000088b00000, 0x0000000088c00000|  0%| F|  |TAMS 0x0000000088b00000, 0x0000000088b00000| Untracked 
| 140|0x0000000088c00000, 0x0000000088c00000, 0x0000000088d00000|  0%| F|  |TAMS 0x0000000088c00000, 0x0000000088c00000| Untracked 
| 141|0x0000000088d00000, 0x0000000088d00000, 0x0000000088e00000|  0%| F|  |TAMS 0x0000000088d00000, 0x0000000088d00000| Untracked 
| 142|0x0000000088e00000, 0x0000000088e00000, 0x0000000088f00000|  0%| F|  |TAMS 0x0000000088e00000, 0x0000000088e00000| Untracked 
| 143|0x0000000088f00000, 0x0000000088f00000, 0x0000000089000000|  0%| F|  |TAMS 0x0000000088f00000, 0x0000000088f00000| Untracked 
| 144|0x0000000089000000, 0x0000000089000000, 0x0000000089100000|  0%| F|  |TAMS 0x0000000089000000, 0x0000000089000000| Untracked 
| 145|0x0000000089100000, 0x0000000089100000, 0x0000000089200000|  0%| F|  |TAMS 0x0000000089100000, 0x0000000089100000| Untracked 
| 146|0x0000000089200000, 0x0000000089200000, 0x0000000089300000|  0%| F|  |TAMS 0x0000000089200000, 0x0000000089200000| Untracked 
| 147|0x0000000089300000, 0x0000000089300000, 0x0000000089400000|  0%| F|  |TAMS 0x0000000089300000, 0x0000000089300000| Untracked 
| 148|0x0000000089400000, 0x0000000089400000, 0x0000000089500000|  0%| F|  |TAMS 0x0000000089400000, 0x0000000089400000| Untracked 
| 149|0x0000000089500000, 0x0000000089500000, 0x0000000089600000|  0%| F|  |TAMS 0x0000000089500000, 0x0000000089500000| Untracked 
| 150|0x0000000089600000, 0x0000000089680800, 0x0000000089700000| 50%| E|  |TAMS 0x0000000089600000, 0x0000000089600000| Complete 
| 151|0x0000000089700000, 0x0000000089800000, 0x0000000089800000|100%| E|CS|TAMS 0x0000000089700000, 0x0000000089700000| Complete 
| 152|0x0000000089800000, 0x0000000089900000, 0x0000000089900000|100%| E|CS|TAMS 0x0000000089800000, 0x0000000089800000| Complete 
| 153|0x0000000089900000, 0x0000000089a00000, 0x0000000089a00000|100%| E|CS|TAMS 0x0000000089900000, 0x0000000089900000| Complete 
| 154|0x0000000089a00000, 0x0000000089b00000, 0x0000000089b00000|100%| E|CS|TAMS 0x0000000089a00000, 0x0000000089a00000| Complete 
| 155|0x0000000089b00000, 0x0000000089c00000, 0x0000000089c00000|100%| E|CS|TAMS 0x0000000089b00000, 0x0000000089b00000| Complete 
| 156|0x0000000089c00000, 0x0000000089d00000, 0x0000000089d00000|100%| E|CS|TAMS 0x0000000089c00000, 0x0000000089c00000| Complete 
| 157|0x0000000089d00000, 0x0000000089e00000, 0x0000000089e00000|100%| E|CS|TAMS 0x0000000089d00000, 0x0000000089d00000| Complete 
| 158|0x0000000089e00000, 0x0000000089f00000, 0x0000000089f00000|100%| E|CS|TAMS 0x0000000089e00000, 0x0000000089e00000| Complete 
| 159|0x0000000089f00000, 0x000000008a000000, 0x000000008a000000|100%| E|CS|TAMS 0x0000000089f00000, 0x0000000089f00000| Complete 
| 160|0x000000008a000000, 0x000000008a100000, 0x000000008a100000|100%| E|CS|TAMS 0x000000008a000000, 0x000000008a000000| Complete 
| 161|0x000000008a100000, 0x000000008a200000, 0x000000008a200000|100%| E|CS|TAMS 0x000000008a100000, 0x000000008a100000| Complete 
| 162|0x000000008a200000, 0x000000008a300000, 0x000000008a300000|100%| E|CS|TAMS 0x000000008a200000, 0x000000008a200000| Complete 
| 163|0x000000008a300000, 0x000000008a400000, 0x000000008a400000|100%| E|CS|TAMS 0x000000008a300000, 0x000000008a300000| Complete 
| 164|0x000000008a400000, 0x000000008a500000, 0x000000008a500000|100%| E|CS|TAMS 0x000000008a400000, 0x000000008a400000| Complete 
| 165|0x000000008a500000, 0x000000008a600000, 0x000000008a600000|100%| E|CS|TAMS 0x000000008a500000, 0x000000008a500000| Complete 
| 166|0x000000008a600000, 0x000000008a700000, 0x000000008a700000|100%| E|CS|TAMS 0x000000008a600000, 0x000000008a600000| Complete 
| 167|0x000000008a700000, 0x000000008a800000, 0x000000008a800000|100%| E|CS|TAMS 0x000000008a700000, 0x000000008a700000| Complete 
| 168|0x000000008a800000, 0x000000008a900000, 0x000000008a900000|100%| E|CS|TAMS 0x000000008a800000, 0x000000008a800000| Complete 
| 169|0x000000008a900000, 0x000000008aa00000, 0x000000008aa00000|100%| E|CS|TAMS 0x000000008a900000, 0x000000008a900000| Complete 
| 170|0x000000008aa00000, 0x000000008ab00000, 0x000000008ab00000|100%| E|CS|TAMS 0x000000008aa00000, 0x000000008aa00000| Complete 
| 171|0x000000008ab00000, 0x000000008ac00000, 0x000000008ac00000|100%| E|CS|TAMS 0x000000008ab00000, 0x000000008ab00000| Complete 
| 172|0x000000008ac00000, 0x000000008ad00000, 0x000000008ad00000|100%| E|CS|TAMS 0x000000008ac00000, 0x000000008ac00000| Complete 
| 173|0x000000008ad00000, 0x000000008ae00000, 0x000000008ae00000|100%| E|CS|TAMS 0x000000008ad00000, 0x000000008ad00000| Complete 
| 174|0x000000008ae00000, 0x000000008af00000, 0x000000008af00000|100%| E|CS|TAMS 0x000000008ae00000, 0x000000008ae00000| Complete 
| 175|0x000000008af00000, 0x000000008b000000, 0x000000008b000000|100%| E|CS|TAMS 0x000000008af00000, 0x000000008af00000| Complete 
| 176|0x000000008b000000, 0x000000008b100000, 0x000000008b100000|100%| E|CS|TAMS 0x000000008b000000, 0x000000008b000000| Complete 
| 177|0x000000008b100000, 0x000000008b200000, 0x000000008b200000|100%| E|CS|TAMS 0x000000008b100000, 0x000000008b100000| Complete 
| 178|0x000000008b200000, 0x000000008b300000, 0x000000008b300000|100%| E|CS|TAMS 0x000000008b200000, 0x000000008b200000| Complete 
| 179|0x000000008b300000, 0x000000008b400000, 0x000000008b400000|100%| E|CS|TAMS 0x000000008b300000, 0x000000008b300000| Complete 
| 180|0x000000008b400000, 0x000000008b500000, 0x000000008b500000|100%| E|CS|TAMS 0x000000008b400000, 0x000000008b400000| Complete 
| 181|0x000000008b500000, 0x000000008b600000, 0x000000008b600000|100%| E|CS|TAMS 0x000000008b500000, 0x000000008b500000| Complete 
| 182|0x000000008b600000, 0x000000008b700000, 0x000000008b700000|100%| E|CS|TAMS 0x000000008b600000, 0x000000008b600000| Complete 
| 183|0x000000008b700000, 0x000000008b800000, 0x000000008b800000|100%| E|CS|TAMS 0x000000008b700000, 0x000000008b700000| Complete 
| 184|0x000000008b800000, 0x000000008b900000, 0x000000008b900000|100%| E|CS|TAMS 0x000000008b800000, 0x000000008b800000| Complete 

Card table byte_map: [0x0000021ea7060000,0x0000021ea7460000] _byte_map_base: 0x0000021ea6c60000

Marking Bits (Prev, Next): (CMBitMap*) 0x0000021e909ea728, (CMBitMap*) 0x0000021e909ea760
 Prev Bits: [0x0000021ea7860000, 0x0000021ea9860000)
 Next Bits: [0x0000021ea9860000, 0x0000021eab860000)

Polling page: 0x0000021e8e7f0000

Metaspace:

Usage:
  Non-class:     45.80 MB capacity,    44.93 MB ( 98%) used,   696.27 KB (  1%) free+waste,   190.56 KB ( <1%) overhead. 
      Class:      6.87 MB capacity,     6.23 MB ( 91%) used,   553.07 KB (  8%) free+waste,    92.94 KB (  1%) overhead. 
       Both:     52.66 MB capacity,    51.17 MB ( 97%) used,     1.22 MB (  2%) free+waste,   283.50 KB ( <1%) overhead. 

Virtual space:
  Non-class space:       46.00 MB reserved,      46.00 MB (100%) committed 
      Class space:        1.00 GB reserved,       6.88 MB ( <1%) committed 
             Both:        1.04 GB reserved,      52.88 MB (  5%) committed 

Chunk freelists:
   Non-Class:  1.88 KB
       Class:  1.25 KB
        Both:  3.13 KB

CodeHeap 'non-profiled nmethods': size=120064Kb used=3927Kb max_used=3927Kb free=116136Kb
 bounds [0x0000021e9fb20000, 0x0000021e9ff00000, 0x0000021ea7060000]
CodeHeap 'profiled nmethods': size=120000Kb used=12020Kb max_used=12020Kb free=107980Kb
 bounds [0x0000021e985f0000, 0x0000021e991b0000, 0x0000021e9fb20000]
CodeHeap 'non-nmethods': size=5696Kb used=1207Kb max_used=1264Kb free=4488Kb
 bounds [0x0000021e98060000, 0x0000021e982d0000, 0x0000021e985f0000]
 total_blobs=6373 nmethods=5819 adapters=465
 compilation: enabled
              stopped_count=0, restarted_count=0
 full_count=0

Compilation events (10 events):
Event: 295851.641 Thread 0x0000021eadc96800 nmethod 5846 0x0000021e9fef4390 code [0x0000021e9fef4520, 0x0000021e9fef45a8]
Event: 296963.154 Thread 0x0000021eadc96800 5847       4       java.util.concurrent.locks.StampedLock$ReadWriteLockView::writeLock (8 bytes)
Event: 296963.155 Thread 0x0000021eadc96800 nmethod 5847 0x0000021e9fef4690 code [0x0000021e9fef4800, 0x0000021e9fef4898]
Event: 296985.447 Thread 0x0000021eadc96800 5848       4       com.mongodb.MongoException::<init> (41 bytes)
Event: 296985.461 Thread 0x0000021eadc96800 nmethod 5848 0x0000021e9fef4990 code [0x0000021e9fef4b40, 0x0000021e9fef55c8]
Event: 296997.726 Thread 0x0000021eadc96800 5849       4       sun.net.util.SocketExceptions::of (88 bytes)
Event: 296997.727 Thread 0x0000021eadc96800 nmethod 5849 0x0000021e9fef5890 code [0x0000021e9fef5a00, 0x0000021e9fef5a38]
Event: 296997.727 Thread 0x0000021eadc96800 5850       4       com.mongodb.MongoSocketOpenException::<init> (8 bytes)
Event: 296997.729 Thread 0x0000021eadc96800 nmethod 5850 0x0000021e9fef5a90 code [0x0000021e9fef5c20, 0x0000021e9fef5d88]
Event: 297069.840 Thread 0x0000021eadc96800 5851       4       com.mongodb.internal.connection.InternalConnectionFactory::create (16 bytes)

GC Heap History (10 events):
Event: 282511.283 GC heap before
{Heap before GC invocations=99 (full 0):
 garbage-first heap   total 189440K, used 130278K [0x0000000080000000, 0x0000000100000000)
  region size 1024K, 111 young (113664K), 1 survivors (1024K)
 Metaspace       used 52394K, capacity 53927K, committed 54144K, reserved 1095680K
  class space    used 6383K, capacity 7030K, committed 7040K, reserved 1048576K
}
Event: 282511.285 GC heap after
{Heap after GC invocations=100 (full 0):
 garbage-first heap   total 189440K, used 17639K [0x0000000080000000, 0x0000000100000000)
  region size 1024K, 1 young (1024K), 1 survivors (1024K)
 Metaspace       used 52394K, capacity 53927K, committed 54144K, reserved 1095680K
  class space    used 6383K, capacity 7030K, committed 7040K, reserved 1048576K
}
Event: 285883.536 GC heap before
{Heap before GC invocations=100 (full 0):
 garbage-first heap   total 189440K, used 130279K [0x0000000080000000, 0x0000000100000000)
  region size 1024K, 111 young (113664K), 1 survivors (1024K)
 Metaspace       used 52394K, capacity 53927K, committed 54144K, reserved 1095680K
  class space    used 6383K, capacity 7030K, committed 7040K, reserved 1048576K
}
Event: 285883.538 GC heap after
{Heap after GC invocations=101 (full 0):
 garbage-first heap   total 189440K, used 17636K [0x0000000080000000, 0x0000000100000000)
  region size 1024K, 1 young (1024K), 1 survivors (1024K)
 Metaspace       used 52394K, capacity 53927K, committed 54144K, reserved 1095680K
  class space    used 6383K, capacity 7030K, committed 7040K, reserved 1048576K
}
Event: 289258.585 GC heap before
{Heap before GC invocations=101 (full 0):
 garbage-first heap   total 189440K, used 130276K [0x0000000080000000, 0x0000000100000000)
  region size 1024K, 111 young (113664K), 1 survivors (1024K)
 Metaspace       used 52394K, capacity 53927K, committed 54144K, reserved 1095680K
  class space    used 6383K, capacity 7030K, committed 7040K, reserved 1048576K
}
Event: 289258.587 GC heap after
{Heap after GC invocations=102 (full 0):
 garbage-first heap   total 189440K, used 17635K [0x0000000080000000, 0x0000000100000000)
  region size 1024K, 1 young (1024K), 1 survivors (1024K)
 Metaspace       used 52394K, capacity 53927K, committed 54144K, reserved 1095680K
  class space    used 6383K, capacity 7030K, committed 7040K, reserved 1048576K
}
Event: 292632.391 GC heap before
{Heap before GC invocations=102 (full 0):
 garbage-first heap   total 189440K, used 130275K [0x0000000080000000, 0x0000000100000000)
  region size 1024K, 111 young (113664K), 1 survivors (1024K)
 Metaspace       used 52394K, capacity 53927K, committed 54144K, reserved 1095680K
  class space    used 6383K, capacity 7030K, committed 7040K, reserved 1048576K
}
Event: 292632.393 GC heap after
{Heap after GC invocations=103 (full 0):
 garbage-first heap   total 189440K, used 17640K [0x0000000080000000, 0x0000000100000000)
  region size 1024K, 1 young (1024K), 1 survivors (1024K)
 Metaspace       used 52394K, capacity 53927K, committed 54144K, reserved 1095680K
  class space    used 6383K, capacity 7030K, committed 7040K, reserved 1048576K
}
Event: 296006.530 GC heap before
{Heap before GC invocations=103 (full 0):
 garbage-first heap   total 189440K, used 130280K [0x0000000080000000, 0x0000000100000000)
  region size 1024K, 111 young (113664K), 1 survivors (1024K)
 Metaspace       used 52394K, capacity 53927K, committed 54144K, reserved 1095680K
  class space    used 6383K, capacity 7030K, committed 7040K, reserved 1048576K
}
Event: 296006.532 GC heap after
{Heap after GC invocations=104 (full 0):
 garbage-first heap   total 189440K, used 17635K [0x0000000080000000, 0x0000000100000000)
  region size 1024K, 1 young (1024K), 1 survivors (1024K)
 Metaspace       used 52394K, capacity 53927K, committed 54144K, reserved 1095680K
  class space    used 6383K, capacity 7030K, committed 7040K, reserved 1048576K
}

Deoptimization events (10 events):
Event: 264581.598 Thread 0x0000021eafa45800 Uncommon trap: reason=unstable_if action=reinterpret pc=0x0000021e9fdf704c method=com.mongodb.internal.connection.EventHelper.exceptionsEquals(Ljava/lang/Throwable;Ljava/lang/Throwable;)Z @ 1 c2
Event: 264581.598 Thread 0x0000021eafa45800 Uncommon trap: reason=class_check action=maybe_recompile pc=0x0000021e9fdf8584 method=com.mongodb.TagSet.equals(Ljava/lang/Object;)Z @ 37 c2
Event: 264591.608 Thread 0x0000021eafa45800 Uncommon trap: reason=unstable_if action=reinterpret pc=0x0000021e9fdc1574 method=java.util.concurrent.locks.AbstractQueuedSynchronizer.enq(Ljava/util/concurrent/locks/AbstractQueuedSynchronizer$Node;)Ljava/util/concurrent/locks/AbstractQueuedSynchronizer
Event: 264591.609 Thread 0x0000021eafa45800 Uncommon trap: reason=bimorphic_or_optimized_type_check action=maybe_recompile pc=0x0000021e9fe1ae0c method=java.util.ArrayList.<init>(Ljava/util/Collection;)V @ 5 c2
Event: 264592.230 Thread 0x0000021eb2162000 Uncommon trap: reason=bimorphic_or_optimized_type_check action=maybe_recompile pc=0x0000021e9fe1ae0c method=java.util.ArrayList.<init>(Ljava/util/Collection;)V @ 5 c2
Event: 264593.624 Thread 0x0000021eafa45800 Uncommon trap: reason=class_check action=maybe_recompile pc=0x0000021e9fdf8584 method=com.mongodb.TagSet.equals(Ljava/lang/Object;)Z @ 37 c2
Event: 264603.634 Thread 0x0000021eafa45800 Uncommon trap: reason=bimorphic_or_optimized_type_check action=maybe_recompile pc=0x0000021e9fe1ae0c method=java.util.ArrayList.<init>(Ljava/util/Collection;)V @ 5 c2
Event: 264607.606 Thread 0x0000021eb24b1000 Uncommon trap: reason=unstable_if action=reinterpret pc=0x0000021e9fd95270 method=java.util.concurrent.FutureTask.runAndReset()Z @ 4 c2
Event: 264607.606 Thread 0x0000021eb24b1000 Uncommon trap: reason=unstable_if action=reinterpret pc=0x0000021e9fdc7f58 method=java.util.concurrent.ScheduledThreadPoolExecutor$DelayedWorkQueue.take()Ljava/util/concurrent/RunnableScheduledFuture; @ 17 c2
Event: 265261.279 Thread 0x0000021eafc07800 Uncommon trap: reason=unstable_if action=reinterpret pc=0x0000021e9fd82254 method=java.util.concurrent.locks.AbstractQueuedSynchronizer$ConditionObject.doSignal(Ljava/util/concurrent/locks/AbstractQueuedSynchronizer$Node;)V @ 9 c2

Classes redefined (0 events):
No events

Internal exceptions (10 events):
Event: 297009.804 Thread 0x0000021eb2162000 Exception <a 'java/net/ConnectException'{0x0000000089984e78}: Connection refused: connect> (0x0000000089984e78) thrown at [./open/src/hotspot/share/prims/jni.cpp, line 632]
Event: 297011.381 Thread 0x0000021eafa45800 Exception <a 'java/net/ConnectException'{0x000000008998db58}: Connection refused: connect> (0x000000008998db58) thrown at [./open/src/hotspot/share/prims/jni.cpp, line 632]
Event: 297022.172 Thread 0x0000021eb2162000 Exception <a 'java/net/ConnectException'{0x0000000089986560}: Connection refused: connect> (0x0000000089986560) thrown at [./open/src/hotspot/share/prims/jni.cpp, line 632]
Event: 297023.662 Thread 0x0000021eafa45800 Exception <a 'java/net/ConnectException'{0x000000008998f4c8}: Connection refused: connect> (0x000000008998f4c8) thrown at [./open/src/hotspot/share/prims/jni.cpp, line 632]
Event: 297034.378 Thread 0x0000021eb2162000 Exception <a 'java/net/ConnectException'{0x0000000089987da0}: Connection refused: connect> (0x0000000089987da0) thrown at [./open/src/hotspot/share/prims/jni.cpp, line 632]
Event: 297035.722 Thread 0x0000021eafa45800 Exception <a 'java/net/ConnectException'{0x0000000089990e38}: Connection refused: connect> (0x0000000089990e38) thrown at [./open/src/hotspot/share/prims/jni.cpp, line 632]
Event: 297046.430 Thread 0x0000021eb2162000 Exception <a 'java/net/ConnectException'{0x0000000089781018}: Connection refused: connect> (0x0000000089781018) thrown at [./open/src/hotspot/share/prims/jni.cpp, line 632]
Event: 297047.771 Thread 0x0000021eafa45800 Exception <a 'java/net/ConnectException'{0x00000000897896f0}: Connection refused: connect> (0x00000000897896f0) thrown at [./open/src/hotspot/share/prims/jni.cpp, line 632]
Event: 297058.490 Thread 0x0000021eb2162000 Exception <a 'java/net/ConnectException'{0x0000000089782700}: Connection refused: connect> (0x0000000089782700) thrown at [./open/src/hotspot/share/prims/jni.cpp, line 632]
Event: 297059.824 Thread 0x0000021eafa45800 Exception <a 'java/net/ConnectException'{0x000000008978b060}: Connection refused: connect> (0x000000008978b060) thrown at [./open/src/hotspot/share/prims/jni.cpp, line 632]

Events (10 events):
Event: 282511.282 Executing VM operation: G1CollectForAllocation
Event: 282511.285 Executing VM operation: G1CollectForAllocation done
Event: 285883.535 Executing VM operation: G1CollectForAllocation
Event: 285883.538 Executing VM operation: G1CollectForAllocation done
Event: 289258.585 Executing VM operation: G1CollectForAllocation
Event: 289258.587 Executing VM operation: G1CollectForAllocation done
Event: 292632.390 Executing VM operation: G1CollectForAllocation
Event: 292632.393 Executing VM operation: G1CollectForAllocation done
Event: 296006.529 Executing VM operation: G1CollectForAllocation
Event: 296006.532 Executing VM operation: G1CollectForAllocation done


Dynamic libraries:
0x00007ff617d40000 - 0x00007ff617d4f000 	C:\Program Files\Java\jdk-11.0.15\bin\java.exe
0x00007ffb4d1f0000 - 0x00007ffb4d3e8000 	C:\Windows\SYSTEM32\ntdll.dll
0x00007ffb4bf80000 - 0x00007ffb4c03d000 	C:\Windows\System32\KERNEL32.DLL
0x00007ffb4ad20000 - 0x00007ffb4afee000 	C:\Windows\System32\KERNELBASE.dll
0x00007ffb4aff0000 - 0x00007ffb4b0f0000 	C:\Windows\System32\ucrtbase.dll
0x00007ffb36e30000 - 0x00007ffb36e48000 	C:\Program Files\Java\jdk-11.0.15\bin\jli.dll
0x00007ffb4b6a0000 - 0x00007ffb4b74e000 	C:\Windows\System32\ADVAPI32.dll
0x00007ffb4c340000 - 0x00007ffb4c3de000 	C:\Windows\System32\msvcrt.dll
0x00007ffb4c6e0000 - 0x00007ffb4c77c000 	C:\Windows\System32\sechost.dll
0x00007ffb4c0c0000 - 0x00007ffb4c1e5000 	C:\Windows\System32\RPCRT4.dll
0x00007ffb4c540000 - 0x00007ffb4c6e0000 	C:\Windows\System32\USER32.dll
0x00007ffb4ac60000 - 0x00007ffb4ac82000 	C:\Windows\System32\win32u.dll
0x00007ffb36e10000 - 0x00007ffb36e25000 	C:\Program Files\Java\jdk-11.0.15\bin\VCRUNTIME140.dll
0x00007ffb4c1f0000 - 0x00007ffb4c21a000 	C:\Windows\System32\GDI32.dll
0x00007ffb4ab50000 - 0x00007ffb4ac5b000 	C:\Windows\System32\gdi32full.dll
0x00007ffb4aa00000 - 0x00007ffb4aa9d000 	C:\Windows\System32\msvcp_win.dll
0x00007ffb36b70000 - 0x00007ffb36e0a000 	C:\Windows\WinSxS\amd64_microsoft.windows.common-controls_6595b64144ccf1df_6.0.19041.1110_none_60b5254171f9507e\COMCTL32.dll
0x00007ffb42c80000 - 0x00007ffb42c8a000 	C:\Windows\SYSTEM32\VERSION.dll
0x00007ffb4b750000 - 0x00007ffb4b780000 	C:\Windows\System32\IMM32.DLL
0x00007ffb36ad0000 - 0x00007ffb36b6b000 	C:\Program Files\Java\jdk-11.0.15\bin\msvcp140.dll
0x00007ffb35fb0000 - 0x00007ffb36ac6000 	C:\Program Files\Java\jdk-11.0.15\bin\server\jvm.dll
0x00007ffb4b4e0000 - 0x00007ffb4b4e8000 	C:\Windows\System32\PSAPI.DLL
0x00007ffb35fa0000 - 0x00007ffb35fa9000 	C:\Windows\SYSTEM32\WSOCK32.dll
0x00007ffb4c050000 - 0x00007ffb4c0bb000 	C:\Windows\System32\WS2_32.dll
0x00007ffb35f70000 - 0x00007ffb35f97000 	C:\Windows\SYSTEM32\WINMM.dll
0x00007ffb487f0000 - 0x00007ffb48802000 	C:\Windows\SYSTEM32\kernel.appcore.dll
0x00007ffb35e50000 - 0x00007ffb35e60000 	C:\Program Files\Java\jdk-11.0.15\bin\verify.dll
0x00007ffb3b430000 - 0x00007ffb3b614000 	C:\Windows\SYSTEM32\DBGHELP.DLL
0x00007ffb3b3d0000 - 0x00007ffb3b3fc000 	C:\Windows\SYSTEM32\dbgcore.DLL
0x00007ffb4ac90000 - 0x00007ffb4ad12000 	C:\Windows\System32\bcryptPrimitives.dll
0x00007ffb35e20000 - 0x00007ffb35e48000 	C:\Program Files\Java\jdk-11.0.15\bin\java.dll
0x00007ffb35e10000 - 0x00007ffb35e1a000 	C:\Program Files\Java\jdk-11.0.15\bin\jimage.dll
0x00007ffb44320000 - 0x00007ffb4432e000 	C:\Program Files\Java\jdk-11.0.15\bin\instrument.dll
0x00007ffb35df0000 - 0x00007ffb35e06000 	C:\Program Files\Java\jdk-11.0.15\bin\zip.dll
0x00007ffb4b830000 - 0x00007ffb4bf74000 	C:\Windows\System32\SHELL32.dll
0x00007ffb489f0000 - 0x00007ffb49184000 	C:\Windows\SYSTEM32\windows.storage.dll
0x00007ffb4c850000 - 0x00007ffb4cba4000 	C:\Windows\System32\combase.dll
0x00007ffb4a1c0000 - 0x00007ffb4a1f0000 	C:\Windows\SYSTEM32\Wldp.dll
0x00007ffb4c290000 - 0x00007ffb4c33d000 	C:\Windows\System32\SHCORE.dll
0x00007ffb4cce0000 - 0x00007ffb4cd35000 	C:\Windows\System32\shlwapi.dll
0x00007ffb4a850000 - 0x00007ffb4a86f000 	C:\Windows\SYSTEM32\profapi.dll
0x00007ffb35b20000 - 0x00007ffb35b39000 	C:\Program Files\Java\jdk-11.0.15\bin\net.dll
0x00007ffb424c0000 - 0x00007ffb425ca000 	C:\Windows\SYSTEM32\WINHTTP.dll
0x00007ffb49fa0000 - 0x00007ffb4a00a000 	C:\Windows\system32\mswsock.dll
0x00007ffb35b00000 - 0x00007ffb35b12000 	C:\Program Files\Java\jdk-11.0.15\bin\nio.dll
0x00007ffb2db60000 - 0x00007ffb2db7a000 	C:\Program Files\JetBrains\IntelliJ IDEA Community Edition 2022.2.1\bin\breakgen64.dll
0x00007ffb33230000 - 0x00007ffb33239000 	C:\Program Files\Java\jdk-11.0.15\bin\management.dll
0x00007ffb33220000 - 0x00007ffb3322b000 	C:\Program Files\Java\jdk-11.0.15\bin\management_ext.dll
0x00007ffb371d0000 - 0x00007ffb371e7000 	C:\Windows\system32\napinsp.dll
0x00007ffb30840000 - 0x00007ffb3085b000 	C:\Windows\system32\pnrpnsp.dll
0x00007ffb30820000 - 0x00007ffb30835000 	C:\Windows\system32\wshbth.dll
0x00007ffb462d0000 - 0x00007ffb462ed000 	C:\Windows\system32\NLAapi.dll
0x00007ffb49cb0000 - 0x00007ffb49ceb000 	C:\Windows\SYSTEM32\IPHLPAPI.DLL
0x00007ffb49d00000 - 0x00007ffb49dca000 	C:\Windows\SYSTEM32\DNSAPI.dll
0x00007ffb4c220000 - 0x00007ffb4c228000 	C:\Windows\System32\NSI.dll
0x00007ffb30800000 - 0x00007ffb30812000 	C:\Windows\System32\winrnr.dll
0x00007ffb41b00000 - 0x00007ffb41b0a000 	C:\Windows\System32\rasadhlp.dll
0x00007ffb425d0000 - 0x00007ffb42650000 	C:\Windows\System32\fwpuclnt.dll
0x00007ffb4a980000 - 0x00007ffb4a9a7000 	C:\Windows\System32\bcrypt.dll
0x00007ffb4a200000 - 0x00007ffb4a218000 	C:\Windows\SYSTEM32\CRYPTSP.dll
0x00007ffb49940000 - 0x00007ffb49974000 	C:\Windows\system32\rsaenh.dll
0x00007ffb4a7d0000 - 0x00007ffb4a7fe000 	C:\Windows\SYSTEM32\USERENV.dll
0x00007ffb4a130000 - 0x00007ffb4a13c000 	C:\Windows\SYSTEM32\CRYPTBASE.dll
0x00007ffb434d0000 - 0x00007ffb434e7000 	C:\Windows\SYSTEM32\dhcpcsvc6.DLL
0x00007ffb434b0000 - 0x00007ffb434cd000 	C:\Windows\SYSTEM32\dhcpcsvc.DLL

dbghelp: loaded successfully - version: 4.0.5 - missing functions: none
symbol engine: initialized successfully - sym options: 0x614 - pdb path: .;C:\Program Files\Java\jdk-11.0.15\bin;C:\Windows\SYSTEM32;C:\Windows\WinSxS\amd64_microsoft.windows.common-controls_6595b64144ccf1df_6.0.19041.1110_none_60b5254171f9507e;C:\Program Files\Java\jdk-11.0.15\bin\server;C:\Program Files\JetBrains\IntelliJ IDEA Community Edition 2022.2.1\bin

VM Arguments:
jvm_args: -javaagent:C:\Program Files\JetBrains\IntelliJ IDEA Community Edition 2022.2.1\lib\idea_rt.jar=51882:C:\Program Files\JetBrains\IntelliJ IDEA Community Edition 2022.2.1\bin -Dfile.encoding=UTF-8 
java_command: com.training.springboot.SpringbootDemoApplication
java_class_path (initial): C:\Users\sfjbs\Downloads\springboot-demo\springboot-demo\target\classes;C:\Users\sfjbs\.m2\repository\org\springframework\boot\spring-boot-starter-web\2.6.2\spring-boot-starter-web-2.6.2.jar;C:\Users\sfjbs\.m2\repository\org\springframework\boot\spring-boot-starter\2.6.2\spring-boot-starter-2.6.2.jar;C:\Users\sfjbs\.m2\repository\org\springframework\boot\spring-boot-starter-logging\2.6.2\spring-boot-starter-logging-2.6.2.jar;C:\Users\sfjbs\.m2\repository\ch\qos\logback\logback-classic\1.2.9\logback-classic-1.2.9.jar;C:\Users\sfjbs\.m2\repository\ch\qos\logback\logback-core\1.2.9\logback-core-1.2.9.jar;C:\Users\sfjbs\.m2\repository\org\apache\logging\log4j\log4j-to-slf4j\2.17.0\log4j-to-slf4j-2.17.0.jar;C:\Users\sfjbs\.m2\repository\org\apache\logging\log4j\log4j-api\2.17.0\log4j-api-2.17.0.jar;C:\Users\sfjbs\.m2\repository\org\slf4j\jul-to-slf4j\1.7.32\jul-to-slf4j-1.7.32.jar;C:\Users\sfjbs\.m2\repository\jakarta\annotation\jakarta.annotation-api\1.3.5\jakarta.annotation-api-1.3.5.jar;C:\Users\sfjbs\.m2\repository\org\yaml\snakeyaml\1.29\snakeyaml-1.29.jar;C:\Users\sfjbs\.m2\repository\org\springframework\boot\spring-boot-starter-json\2.6.2\spring-boot-starter-json-2.6.2.jar;C:\Users\sfjbs\.m2\repository\com\fasterxml\jackson\datatype\jackson-datatype-jdk8\2.13.1\jackson-datatype-jdk8-2.13.1.jar;C:\Users\sfjbs\.m2\repository\com\fasterxml\jackson\datatype\jackson-datatype-jsr310\2.13.1\jackson-datatype-jsr310-2.13.1.jar;C:\Users\sfjbs\.m2\repository\com\fasterxml\jackson\module\jackson-module-parameter-names\2.13.1\jackson-module-parameter-names-2.13.1.jar;C:\Users\sfjbs\.m2\repository\org\springframework\boot\spring-boot-starter-tomcat\2.6.2\spring-boot-starter-tomcat-2.6.2.jar;C:\Users\sfjbs\.m2\repository\org\apache\tomcat\embed\tomcat-embed-core\9.0.56\tomcat-embed-core-9.0.56.jar;C:\Users\sfjbs\.m2\repository\org\apache\tomcat\embed\tomcat-embed-websocket\9.0.56\tomcat-embed-websocket-9.0.56.jar;C:\Users\sfjbs\.m2\repository\org\spr
Launcher Type: SUN_STANDARD

[Global flags]
     intx CICompilerCount                          = 2                                         {product} {ergonomic}
     uint ConcGCThreads                            = 1                                         {product} {ergonomic}
     uint G1ConcRefinementThreads                  = 2                                         {product} {ergonomic}
   size_t G1HeapRegionSize                         = 1048576                                   {product} {ergonomic}
    uintx GCDrainStackTargetSize                   = 64                                        {product} {ergonomic}
   size_t InitialHeapSize                          = 134217728                                 {product} {ergonomic}
   size_t MarkStackSize                            = 4194304                                   {product} {ergonomic}
   size_t MaxHeapSize                              = 2147483648                                {product} {ergonomic}
   size_t MaxNewSize                               = 1287651328                                {product} {ergonomic}
   size_t MinHeapDeltaBytes                        = 1048576                                   {product} {ergonomic}
    uintx NonNMethodCodeHeapSize                   = 5825164                                {pd product} {ergonomic}
    uintx NonProfiledCodeHeapSize                  = 122916538                              {pd product} {ergonomic}
    uintx ProfiledCodeHeapSize                     = 122916538                              {pd product} {ergonomic}
    uintx ReservedCodeCacheSize                    = 251658240                              {pd product} {ergonomic}
     bool SegmentedCodeCache                       = true                                      {product} {ergonomic}
     bool UseCompressedClassPointers               = true                                 {lp64_product} {ergonomic}
     bool UseCompressedOops                        = true                                 {lp64_product} {ergonomic}
     bool UseG1GC                                  = true                                      {product} {ergonomic}
     bool UseLargePagesIndividualAllocation        = false                                  {pd product} {ergonomic}

Logging:
Log output configuration:
 #0: stdout all=warning uptime,level,tags
 #1: stderr all=off uptime,level,tags

Environment Variables:
PATH=C:\Program Files\Common Files\Oracle\Java\javapath;C:\Windows\system32;C:\Windows;C:\Windows\System32\Wbem;C:\Windows\System32\WindowsPowerShell\v1.0\;C:\Windows\System32\OpenSSH\;C:\Program Files\PuTTY\;C:\Program Files\Git\cmd;C:\Program Files\Docker\Docker\resources\bin;C:\ProgramData\DockerDesktop\version-bin;C:\Users\sfjbs\Downloads\apache-maven-3.8.6-bin\apache-maven-3.8.6\bin;C:\Users\sfjbs\Downloads\apache-maven-3.8.6-bin\apache-maven-3.8.6\lib;C:\Users\sfjbs\AppData\Local\Microsoft\WindowsApps;C:\Program Files\JetBrains\IntelliJ IDEA Community Edition 2022.2.1\bin;;C:\Users\sfjbs\Downloads\apache-maven-3.8.6-bin\apache-maven-3.8.6\bin;C:\Users\sfjbs\Downloads\apache-maven-3.8.6-bin\apache-maven-3.8.6\lib;
USERNAME=sfjbs
OS=Windows_NT
PROCESSOR_IDENTIFIER=Intel64 Family 6 Model 85 Stepping 7, GenuineIntel



---------------  S Y S T E M  ---------------

OS: Windows 10 , 64 bit Build 19041 (10.0.19041.1889)
Hyper-V role detected

CPU:total 2 (initial active 2) (1 cores per cpu, 2 threads per core) family 6 model 85 stepping 7 microcode 0xffffffff, cmov, cx8, fxsr, mmx, sse, sse2, sse3, ssse3, sse4.1, sse4.2, popcnt, avx, avx2, aes, clmul, erms, rtm, 3dnowpref, lzcnt, ht, tsc, bmi1, bmi2, adx, evex, fma

Memory: 4k page, system-wide physical 8190M (1778M free)
TotalPageFile size 10238M (AvailPageFile size 1M)
current process WorkingSet (physical memory assigned to process): 153M, peak: 260M
current process commit charge ("private bytes"): 345M, peak: 370M

vm_info: Java HotSpot(TM) 64-Bit Server VM (11.0.15+8-LTS-149) for windows-amd64 JRE (11.0.15+8-LTS-149), built on Mar  9 2022 22:42:32 by "mach5one" with MS VC++ 15.9 (VS2017)

END.
