#
# There is insufficient memory for the Java Runtime Environment to continue.
# Native memory allocation (malloc) failed to allocate 402016 bytes for Chunk::new
# Possible reasons:
#   The system is out of physical RAM or swap space
#   The process is running with CompressedOops enabled, and the Java Heap may be blocking the growth of the native heap
# Possible solutions:
#   Reduce memory load on the system
#   Increase physical memory or swap space
#   Check if swap backing store is full
#   Decrease Java heap size (-Xmx/-Xms)
#   Decrease number of Java threads
#   Decrease Java thread stack sizes (-Xss)
#   Set larger code cache with -XX:ReservedCodeCacheSize=
#   JVM is running with Unscaled Compressed Oops mode in which the Java heap is
#     placed in the first 4GB address space. The Java Heap base address is the
#     maximum limit for the native heap growth. Please use -XX:HeapBaseMinAddress
#     to set the Java Heap base and to place the Java Heap above 4GB virtual address.
# This output file may be truncated or incomplete.
#
#  Out of Memory Error (./open/src/hotspot/share/memory/arena.cpp:197), pid=6816, tid=13220
#
# JRE version: Java(TM) SE Runtime Environment 18.9 (11.0.15+8) (build 11.0.15+8-LTS-149)
# Java VM: Java HotSpot(TM) 64-Bit Server VM 18.9 (11.0.15+8-LTS-149, mixed mode, tiered, compressed oops, g1 gc, windows-amd64)
# No core dump will be written. Minidumps are not enabled by default on client versions of Windows
#

---------------  S U M M A R Y ------------

Command Line: -javaagent:C:\Program Files\JetBrains\IntelliJ IDEA Community Edition 2022.2.1\lib\idea_rt.jar=59780:C:\Program Files\JetBrains\IntelliJ IDEA Community Edition 2022.2.1\bin -Dfile.encoding=UTF-8 com.training.Microservice5Application

Host: Intel(R) Xeon(R) Platinum 8272CL CPU @ 2.60GHz, 2 cores, 7G,  Windows 10 , 64 bit Build 19041 (10.0.19041.1889)
Time: Thu Sep  8 05:49:13 2022 Coordinated Universal Time elapsed time: 2.312809 seconds (0d 0h 0m 2s)

---------------  T H R E A D  ---------------

Current thread (0x000001ebbfa37000):  JavaThread "C2 CompilerThread0" daemon [_thread_in_native, id=13220, stack(0x000000de91b00000,0x000000de91c00000)]


Current CompileTask:
C2:   2312 1733       4       jdk.internal.org.objectweb.asm.Frame::execute (2264 bytes)

Stack: [0x000000de91b00000,0x000000de91c00000]
Native frames: (J=compiled Java code, j=interpreted, Vv=VM code, C=native code)
V  [jvm.dll+0x629d8a]
V  [jvm.dll+0x7638ff]
V  [jvm.dll+0x764fa9]
V  [jvm.dll+0x765633]
V  [jvm.dll+0x23d9c8]
V  [jvm.dll+0xb2a1c]
V  [jvm.dll+0xb2fdc]
V  [jvm.dll+0x2ae744]
V  [jvm.dll+0x53d4c6]
V  [jvm.dll+0x1f9ce5]
V  [jvm.dll+0x1f762d]
V  [jvm.dll+0x177c51]
V  [jvm.dll+0x207026]
V  [jvm.dll+0x2051bb]
V  [jvm.dll+0x729820]
V  [jvm.dll+0x7223f4]
V  [jvm.dll+0x628c26]
C  [ucrtbase.dll+0x21bb2]
C  [KERNEL32.DLL+0x17034]
C  [ntdll.dll+0x52651]


---------------  P R O C E S S  ---------------

Threads class SMR info:
_java_thread_list=0x000001ebc14d9a20, length=14, elements={
0x000001eba279c000, 0x000001ebbfa12000, 0x000001ebbfa1d000, 0x000001ebc03b2800,
0x000001ebbfa31000, 0x000001ebbfa32000, 0x000001ebbfa37000, 0x000001ebbfa3a000,
0x000001ebc03ee000, 0x000001ebbf9b5800, 0x000001ebc07c4000, 0x000001ebc1340800,
0x000001ebc0c97000, 0x000001ebc14fb800
}

Java Threads: ( => current thread )
  0x000001eba279c000 JavaThread "main" [_thread_blocked, id=908, stack(0x000000de90f00000,0x000000de91000000)]
  0x000001ebbfa12000 JavaThread "Reference Handler" daemon [_thread_blocked, id=1368, stack(0x000000de91600000,0x000000de91700000)]
  0x000001ebbfa1d000 JavaThread "Finalizer" daemon [_thread_blocked, id=6424, stack(0x000000de91700000,0x000000de91800000)]
  0x000001ebc03b2800 JavaThread "Signal Dispatcher" daemon [_thread_blocked, id=5216, stack(0x000000de91800000,0x000000de91900000)]
  0x000001ebbfa31000 JavaThread "Attach Listener" daemon [_thread_blocked, id=11456, stack(0x000000de91900000,0x000000de91a00000)]
  0x000001ebbfa32000 JavaThread "Service Thread" daemon [_thread_blocked, id=8824, stack(0x000000de91a00000,0x000000de91b00000)]
=>0x000001ebbfa37000 JavaThread "C2 CompilerThread0" daemon [_thread_in_native, id=13220, stack(0x000000de91b00000,0x000000de91c00000)]
  0x000001ebbfa3a000 JavaThread "C1 CompilerThread0" daemon [_thread_blocked, id=10264, stack(0x000000de91c00000,0x000000de91d00000)]
  0x000001ebc03ee000 JavaThread "Sweeper thread" daemon [_thread_blocked, id=6700, stack(0x000000de91d00000,0x000000de91e00000)]
  0x000001ebbf9b5800 JavaThread "Common-Cleaner" daemon [_thread_blocked, id=12336, stack(0x000000de91e00000,0x000000de91f00000)]
  0x000001ebc07c4000 JavaThread "Monitor Ctrl-Break" daemon [_thread_in_native, id=10384, stack(0x000000de91f00000,0x000000de92000000)]
  0x000001ebc1340800 JavaThread "Thread-0" [_thread_blocked, id=12972, stack(0x000000de92200000,0x000000de92300000)]
  0x000001ebc0c97000 JavaThread "restartedMain" [_thread_in_vm, id=2476, stack(0x000000de92300000,0x000000de92400000)]
  0x000001ebc14fb800 JavaThread "background-preinit" [_thread_in_vm, id=6444, stack(0x000000de92400000,0x000000de92500000)]

Other Threads:
  0x000001ebbfa10800 VMThread "VM Thread" [stack: 0x000000de91500000,0x000000de91600000] [id=13076]
  0x000001ebc069e800 WatcherThread [stack: 0x000000de92000000,0x000000de92100000] [id=9260]
  0x000001eba27b1000 GCTaskThread "GC Thread#0" [stack: 0x000000de91000000,0x000000de91100000] [id=4376]
  0x000001ebc078d800 GCTaskThread "GC Thread#1" [stack: 0x000000de92100000,0x000000de92200000] [id=4952]
  0x000001eba27e3800 ConcurrentGCThread "G1 Main Marker" [stack: 0x000000de91100000,0x000000de91200000] [id=12076]
  0x000001eba27e5800 ConcurrentGCThread "G1 Conc#0" [stack: 0x000000de91200000,0x000000de91300000] [id=11712]
  0x000001eba286c000 ConcurrentGCThread "G1 Refine#0" [stack: 0x000000de91300000,0x000000de91400000] [id=1960]
  0x000001eba286e000 ConcurrentGCThread "G1 Young RemSet Sampling" [stack: 0x000000de91400000,0x000000de91500000] [id=12748]

Threads with active compile tasks:
C2 CompilerThread0   2340 1733       4       jdk.internal.org.objectweb.asm.Frame::execute (2264 bytes)

VM state:not at safepoint (normal execution)

VM Mutex/Monitor currently owned by a thread: None

Heap address: 0x0000000080000000, size: 2048 MB, Compressed Oops mode: 32-bit
Narrow klass base: 0x0000000000000000, Narrow klass shift: 3
Compressed class space size: 1073741824 Address: 0x0000000100000000

Heap:
 garbage-first heap   total 131072K, used 16929K [0x0000000080000000, 0x0000000100000000)
  region size 1024K, 15 young (15360K), 3 survivors (3072K)
 Metaspace       used 19418K, capacity 19940K, committed 20096K, reserved 1067008K
  class space    used 2142K, capacity 2351K, committed 2432K, reserved 1048576K
Heap Regions: E=young(eden), S=young(survivor), O=old, HS=humongous(starts), HC=humongous(continues), CS=collection set, F=free, A=archive, TAMS=top-at-mark-start (previous, next)
|   0|0x0000000080000000, 0x0000000080100000, 0x0000000080100000|100%| O|  |TAMS 0x0000000080000000, 0x0000000080000000| Untracked 
|   1|0x0000000080100000, 0x0000000080200000, 0x0000000080200000|100%| O|  |TAMS 0x0000000080100000, 0x0000000080100000| Untracked 
|   2|0x0000000080200000, 0x0000000080300000, 0x0000000080300000|100%| O|  |TAMS 0x0000000080200000, 0x0000000080200000| Untracked 
|   3|0x0000000080300000, 0x000000008034da00, 0x0000000080400000| 30%| O|  |TAMS 0x0000000080300000, 0x0000000080300000| Untracked 
|   4|0x0000000080400000, 0x0000000080400000, 0x0000000080500000|  0%| F|  |TAMS 0x0000000080400000, 0x0000000080400000| Untracked 
|   5|0x0000000080500000, 0x0000000080500000, 0x0000000080600000|  0%| F|  |TAMS 0x0000000080500000, 0x0000000080500000| Untracked 
|   6|0x0000000080600000, 0x0000000080600000, 0x0000000080700000|  0%| F|  |TAMS 0x0000000080600000, 0x0000000080600000| Untracked 
|   7|0x0000000080700000, 0x0000000080700000, 0x0000000080800000|  0%| F|  |TAMS 0x0000000080700000, 0x0000000080700000| Untracked 
|   8|0x0000000080800000, 0x0000000080800000, 0x0000000080900000|  0%| F|  |TAMS 0x0000000080800000, 0x0000000080800000| Untracked 
|   9|0x0000000080900000, 0x0000000080900000, 0x0000000080a00000|  0%| F|  |TAMS 0x0000000080900000, 0x0000000080900000| Untracked 
|  10|0x0000000080a00000, 0x0000000080a00000, 0x0000000080b00000|  0%| F|  |TAMS 0x0000000080a00000, 0x0000000080a00000| Untracked 
|  11|0x0000000080b00000, 0x0000000080b00000, 0x0000000080c00000|  0%| F|  |TAMS 0x0000000080b00000, 0x0000000080b00000| Untracked 
|  12|0x0000000080c00000, 0x0000000080c00000, 0x0000000080d00000|  0%| F|  |TAMS 0x0000000080c00000, 0x0000000080c00000| Untracked 
|  13|0x0000000080d00000, 0x0000000080d00000, 0x0000000080e00000|  0%| F|  |TAMS 0x0000000080d00000, 0x0000000080d00000| Untracked 
|  14|0x0000000080e00000, 0x0000000080e00000, 0x0000000080f00000|  0%| F|  |TAMS 0x0000000080e00000, 0x0000000080e00000| Untracked 
|  15|0x0000000080f00000, 0x0000000080f00000, 0x0000000081000000|  0%| F|  |TAMS 0x0000000080f00000, 0x0000000080f00000| Untracked 
|  16|0x0000000081000000, 0x0000000081000000, 0x0000000081100000|  0%| F|  |TAMS 0x0000000081000000, 0x0000000081000000| Untracked 
|  17|0x0000000081100000, 0x0000000081100000, 0x0000000081200000|  0%| F|  |TAMS 0x0000000081100000, 0x0000000081100000| Untracked 
|  18|0x0000000081200000, 0x0000000081200000, 0x0000000081300000|  0%| F|  |TAMS 0x0000000081200000, 0x0000000081200000| Untracked 
|  19|0x0000000081300000, 0x0000000081300000, 0x0000000081400000|  0%| F|  |TAMS 0x0000000081300000, 0x0000000081300000| Untracked 
|  20|0x0000000081400000, 0x0000000081400000, 0x0000000081500000|  0%| F|  |TAMS 0x0000000081400000, 0x0000000081400000| Untracked 
|  21|0x0000000081500000, 0x0000000081500000, 0x0000000081600000|  0%| F|  |TAMS 0x0000000081500000, 0x0000000081500000| Untracked 
|  22|0x0000000081600000, 0x0000000081600000, 0x0000000081700000|  0%| F|  |TAMS 0x0000000081600000, 0x0000000081600000| Untracked 
|  23|0x0000000081700000, 0x0000000081700000, 0x0000000081800000|  0%| F|  |TAMS 0x0000000081700000, 0x0000000081700000| Untracked 
|  24|0x0000000081800000, 0x0000000081800000, 0x0000000081900000|  0%| F|  |TAMS 0x0000000081800000, 0x0000000081800000| Untracked 
|  25|0x0000000081900000, 0x0000000081900000, 0x0000000081a00000|  0%| F|  |TAMS 0x0000000081900000, 0x0000000081900000| Untracked 
|  26|0x0000000081a00000, 0x0000000081a00000, 0x0000000081b00000|  0%| F|  |TAMS 0x0000000081a00000, 0x0000000081a00000| Untracked 
|  27|0x0000000081b00000, 0x0000000081b00000, 0x0000000081c00000|  0%| F|  |TAMS 0x0000000081b00000, 0x0000000081b00000| Untracked 
|  28|0x0000000081c00000, 0x0000000081c00000, 0x0000000081d00000|  0%| F|  |TAMS 0x0000000081c00000, 0x0000000081c00000| Untracked 
|  29|0x0000000081d00000, 0x0000000081d00000, 0x0000000081e00000|  0%| F|  |TAMS 0x0000000081d00000, 0x0000000081d00000| Untracked 
|  30|0x0000000081e00000, 0x0000000081e00000, 0x0000000081f00000|  0%| F|  |TAMS 0x0000000081e00000, 0x0000000081e00000| Untracked 
|  31|0x0000000081f00000, 0x0000000081f00000, 0x0000000082000000|  0%| F|  |TAMS 0x0000000081f00000, 0x0000000081f00000| Untracked 
|  32|0x0000000082000000, 0x0000000082000000, 0x0000000082100000|  0%| F|  |TAMS 0x0000000082000000, 0x0000000082000000| Untracked 
|  33|0x0000000082100000, 0x0000000082100000, 0x0000000082200000|  0%| F|  |TAMS 0x0000000082100000, 0x0000000082100000| Untracked 
|  34|0x0000000082200000, 0x0000000082200000, 0x0000000082300000|  0%| F|  |TAMS 0x0000000082200000, 0x0000000082200000| Untracked 
|  35|0x0000000082300000, 0x0000000082300000, 0x0000000082400000|  0%| F|  |TAMS 0x0000000082300000, 0x0000000082300000| Untracked 
|  36|0x0000000082400000, 0x0000000082400000, 0x0000000082500000|  0%| F|  |TAMS 0x0000000082400000, 0x0000000082400000| Untracked 
|  37|0x0000000082500000, 0x0000000082500000, 0x0000000082600000|  0%| F|  |TAMS 0x0000000082500000, 0x0000000082500000| Untracked 
|  38|0x0000000082600000, 0x0000000082600000, 0x0000000082700000|  0%| F|  |TAMS 0x0000000082600000, 0x0000000082600000| Untracked 
|  39|0x0000000082700000, 0x0000000082700000, 0x0000000082800000|  0%| F|  |TAMS 0x0000000082700000, 0x0000000082700000| Untracked 
|  40|0x0000000082800000, 0x0000000082800000, 0x0000000082900000|  0%| F|  |TAMS 0x0000000082800000, 0x0000000082800000| Untracked 
|  41|0x0000000082900000, 0x0000000082900000, 0x0000000082a00000|  0%| F|  |TAMS 0x0000000082900000, 0x0000000082900000| Untracked 
|  42|0x0000000082a00000, 0x0000000082a00000, 0x0000000082b00000|  0%| F|  |TAMS 0x0000000082a00000, 0x0000000082a00000| Untracked 
|  43|0x0000000082b00000, 0x0000000082b00000, 0x0000000082c00000|  0%| F|  |TAMS 0x0000000082b00000, 0x0000000082b00000| Untracked 
|  44|0x0000000082c00000, 0x0000000082c00000, 0x0000000082d00000|  0%| F|  |TAMS 0x0000000082c00000, 0x0000000082c00000| Untracked 
|  45|0x0000000082d00000, 0x0000000082d00000, 0x0000000082e00000|  0%| F|  |TAMS 0x0000000082d00000, 0x0000000082d00000| Untracked 
|  46|0x0000000082e00000, 0x0000000082e00000, 0x0000000082f00000|  0%| F|  |TAMS 0x0000000082e00000, 0x0000000082e00000| Untracked 
|  47|0x0000000082f00000, 0x0000000082f00000, 0x0000000083000000|  0%| F|  |TAMS 0x0000000082f00000, 0x0000000082f00000| Untracked 
|  48|0x0000000083000000, 0x0000000083000000, 0x0000000083100000|  0%| F|  |TAMS 0x0000000083000000, 0x0000000083000000| Untracked 
|  49|0x0000000083100000, 0x0000000083100000, 0x0000000083200000|  0%| F|  |TAMS 0x0000000083100000, 0x0000000083100000| Untracked 
|  50|0x0000000083200000, 0x0000000083200000, 0x0000000083300000|  0%| F|  |TAMS 0x0000000083200000, 0x0000000083200000| Untracked 
|  51|0x0000000083300000, 0x0000000083300000, 0x0000000083400000|  0%| F|  |TAMS 0x0000000083300000, 0x0000000083300000| Untracked 
|  52|0x0000000083400000, 0x0000000083400000, 0x0000000083500000|  0%| F|  |TAMS 0x0000000083400000, 0x0000000083400000| Untracked 
|  53|0x0000000083500000, 0x0000000083500000, 0x0000000083600000|  0%| F|  |TAMS 0x0000000083500000, 0x0000000083500000| Untracked 
|  54|0x0000000083600000, 0x0000000083600000, 0x0000000083700000|  0%| F|  |TAMS 0x0000000083600000, 0x0000000083600000| Untracked 
|  55|0x0000000083700000, 0x0000000083700000, 0x0000000083800000|  0%| F|  |TAMS 0x0000000083700000, 0x0000000083700000| Untracked 
|  56|0x0000000083800000, 0x0000000083800000, 0x0000000083900000|  0%| F|  |TAMS 0x0000000083800000, 0x0000000083800000| Untracked 
|  57|0x0000000083900000, 0x0000000083900000, 0x0000000083a00000|  0%| F|  |TAMS 0x0000000083900000, 0x0000000083900000| Untracked 
|  58|0x0000000083a00000, 0x0000000083a00000, 0x0000000083b00000|  0%| F|  |TAMS 0x0000000083a00000, 0x0000000083a00000| Untracked 
|  59|0x0000000083b00000, 0x0000000083b00000, 0x0000000083c00000|  0%| F|  |TAMS 0x0000000083b00000, 0x0000000083b00000| Untracked 
|  60|0x0000000083c00000, 0x0000000083c00000, 0x0000000083d00000|  0%| F|  |TAMS 0x0000000083c00000, 0x0000000083c00000| Untracked 
|  61|0x0000000083d00000, 0x0000000083d00000, 0x0000000083e00000|  0%| F|  |TAMS 0x0000000083d00000, 0x0000000083d00000| Untracked 
|  62|0x0000000083e00000, 0x0000000083e00000, 0x0000000083f00000|  0%| F|  |TAMS 0x0000000083e00000, 0x0000000083e00000| Untracked 
|  63|0x0000000083f00000, 0x0000000083f00000, 0x0000000084000000|  0%| F|  |TAMS 0x0000000083f00000, 0x0000000083f00000| Untracked 
|  64|0x0000000084000000, 0x0000000084000000, 0x0000000084100000|  0%| F|  |TAMS 0x0000000084000000, 0x0000000084000000| Untracked 
|  65|0x0000000084100000, 0x0000000084100000, 0x0000000084200000|  0%| F|  |TAMS 0x0000000084100000, 0x0000000084100000| Untracked 
|  66|0x0000000084200000, 0x0000000084200000, 0x0000000084300000|  0%| F|  |TAMS 0x0000000084200000, 0x0000000084200000| Untracked 
|  67|0x0000000084300000, 0x0000000084300000, 0x0000000084400000|  0%| F|  |TAMS 0x0000000084300000, 0x0000000084300000| Untracked 
|  68|0x0000000084400000, 0x0000000084400000, 0x0000000084500000|  0%| F|  |TAMS 0x0000000084400000, 0x0000000084400000| Untracked 
|  69|0x0000000084500000, 0x0000000084500000, 0x0000000084600000|  0%| F|  |TAMS 0x0000000084500000, 0x0000000084500000| Untracked 
|  70|0x0000000084600000, 0x0000000084600000, 0x0000000084700000|  0%| F|  |TAMS 0x0000000084600000, 0x0000000084600000| Untracked 
|  71|0x0000000084700000, 0x0000000084700000, 0x0000000084800000|  0%| F|  |TAMS 0x0000000084700000, 0x0000000084700000| Untracked 
|  72|0x0000000084800000, 0x0000000084800000, 0x0000000084900000|  0%| F|  |TAMS 0x0000000084800000, 0x0000000084800000| Untracked 
|  73|0x0000000084900000, 0x0000000084900000, 0x0000000084a00000|  0%| F|  |TAMS 0x0000000084900000, 0x0000000084900000| Untracked 
|  74|0x0000000084a00000, 0x0000000084a00000, 0x0000000084b00000|  0%| F|  |TAMS 0x0000000084a00000, 0x0000000084a00000| Untracked 
|  75|0x0000000084b00000, 0x0000000084b00000, 0x0000000084c00000|  0%| F|  |TAMS 0x0000000084b00000, 0x0000000084b00000| Untracked 
|  76|0x0000000084c00000, 0x0000000084c00000, 0x0000000084d00000|  0%| F|  |TAMS 0x0000000084c00000, 0x0000000084c00000| Untracked 
|  77|0x0000000084d00000, 0x0000000084d00000, 0x0000000084e00000|  0%| F|  |TAMS 0x0000000084d00000, 0x0000000084d00000| Untracked 
|  78|0x0000000084e00000, 0x0000000084e00000, 0x0000000084f00000|  0%| F|  |TAMS 0x0000000084e00000, 0x0000000084e00000| Untracked 
|  79|0x0000000084f00000, 0x0000000084f00000, 0x0000000085000000|  0%| F|  |TAMS 0x0000000084f00000, 0x0000000084f00000| Untracked 
|  80|0x0000000085000000, 0x0000000085000000, 0x0000000085100000|  0%| F|  |TAMS 0x0000000085000000, 0x0000000085000000| Untracked 
|  81|0x0000000085100000, 0x0000000085100000, 0x0000000085200000|  0%| F|  |TAMS 0x0000000085100000, 0x0000000085100000| Untracked 
|  82|0x0000000085200000, 0x0000000085200000, 0x0000000085300000|  0%| F|  |TAMS 0x0000000085200000, 0x0000000085200000| Untracked 
|  83|0x0000000085300000, 0x0000000085300000, 0x0000000085400000|  0%| F|  |TAMS 0x0000000085300000, 0x0000000085300000| Untracked 
|  84|0x0000000085400000, 0x0000000085400000, 0x0000000085500000|  0%| F|  |TAMS 0x0000000085400000, 0x0000000085400000| Untracked 
|  85|0x0000000085500000, 0x0000000085500000, 0x0000000085600000|  0%| F|  |TAMS 0x0000000085500000, 0x0000000085500000| Untracked 
|  86|0x0000000085600000, 0x0000000085600000, 0x0000000085700000|  0%| F|  |TAMS 0x0000000085600000, 0x0000000085600000| Untracked 
|  87|0x0000000085700000, 0x0000000085700000, 0x0000000085800000|  0%| F|  |TAMS 0x0000000085700000, 0x0000000085700000| Untracked 
|  88|0x0000000085800000, 0x0000000085800000, 0x0000000085900000|  0%| F|  |TAMS 0x0000000085800000, 0x0000000085800000| Untracked 
|  89|0x0000000085900000, 0x0000000085900000, 0x0000000085a00000|  0%| F|  |TAMS 0x0000000085900000, 0x0000000085900000| Untracked 
|  90|0x0000000085a00000, 0x0000000085a00000, 0x0000000085b00000|  0%| F|  |TAMS 0x0000000085a00000, 0x0000000085a00000| Untracked 
|  91|0x0000000085b00000, 0x0000000085b00000, 0x0000000085c00000|  0%| F|  |TAMS 0x0000000085b00000, 0x0000000085b00000| Untracked 
|  92|0x0000000085c00000, 0x0000000085c00000, 0x0000000085d00000|  0%| F|  |TAMS 0x0000000085c00000, 0x0000000085c00000| Untracked 
|  93|0x0000000085d00000, 0x0000000085d00000, 0x0000000085e00000|  0%| F|  |TAMS 0x0000000085d00000, 0x0000000085d00000| Untracked 
|  94|0x0000000085e00000, 0x0000000085e00000, 0x0000000085f00000|  0%| F|  |TAMS 0x0000000085e00000, 0x0000000085e00000| Untracked 
|  95|0x0000000085f00000, 0x0000000085f00000, 0x0000000086000000|  0%| F|  |TAMS 0x0000000085f00000, 0x0000000085f00000| Untracked 
|  96|0x0000000086000000, 0x0000000086000000, 0x0000000086100000|  0%| F|  |TAMS 0x0000000086000000, 0x0000000086000000| Untracked 
|  97|0x0000000086100000, 0x0000000086100000, 0x0000000086200000|  0%| F|  |TAMS 0x0000000086100000, 0x0000000086100000| Untracked 
|  98|0x0000000086200000, 0x0000000086200000, 0x0000000086300000|  0%| F|  |TAMS 0x0000000086200000, 0x0000000086200000| Untracked 
|  99|0x0000000086300000, 0x0000000086300000, 0x0000000086400000|  0%| F|  |TAMS 0x0000000086300000, 0x0000000086300000| Untracked 
| 100|0x0000000086400000, 0x0000000086400000, 0x0000000086500000|  0%| F|  |TAMS 0x0000000086400000, 0x0000000086400000| Untracked 
| 101|0x0000000086500000, 0x0000000086500000, 0x0000000086600000|  0%| F|  |TAMS 0x0000000086500000, 0x0000000086500000| Untracked 
| 102|0x0000000086600000, 0x0000000086600000, 0x0000000086700000|  0%| F|  |TAMS 0x0000000086600000, 0x0000000086600000| Untracked 
| 103|0x0000000086700000, 0x0000000086700000, 0x0000000086800000|  0%| F|  |TAMS 0x0000000086700000, 0x0000000086700000| Untracked 
| 104|0x0000000086800000, 0x0000000086800000, 0x0000000086900000|  0%| F|  |TAMS 0x0000000086800000, 0x0000000086800000| Untracked 
| 105|0x0000000086900000, 0x0000000086900000, 0x0000000086a00000|  0%| F|  |TAMS 0x0000000086900000, 0x0000000086900000| Untracked 
| 106|0x0000000086a00000, 0x0000000086a00000, 0x0000000086b00000|  0%| F|  |TAMS 0x0000000086a00000, 0x0000000086a00000| Untracked 
| 107|0x0000000086b00000, 0x0000000086b3acf0, 0x0000000086c00000| 22%| S|CS|TAMS 0x0000000086b00000, 0x0000000086b00000| Complete 
| 108|0x0000000086c00000, 0x0000000086d00000, 0x0000000086d00000|100%| S|CS|TAMS 0x0000000086c00000, 0x0000000086c00000| Complete 
| 109|0x0000000086d00000, 0x0000000086e00000, 0x0000000086e00000|100%| S|CS|TAMS 0x0000000086d00000, 0x0000000086d00000| Complete 
| 110|0x0000000086e00000, 0x0000000086e00000, 0x0000000086f00000|  0%| F|  |TAMS 0x0000000086e00000, 0x0000000086e00000| Untracked 
| 111|0x0000000086f00000, 0x0000000086f00000, 0x0000000087000000|  0%| F|  |TAMS 0x0000000086f00000, 0x0000000086f00000| Untracked 
| 112|0x0000000087000000, 0x0000000087000000, 0x0000000087100000|  0%| F|  |TAMS 0x0000000087000000, 0x0000000087000000| Untracked 
| 113|0x0000000087100000, 0x0000000087100000, 0x0000000087200000|  0%| F|  |TAMS 0x0000000087100000, 0x0000000087100000| Untracked 
| 114|0x0000000087200000, 0x0000000087200000, 0x0000000087300000|  0%| F|  |TAMS 0x0000000087200000, 0x0000000087200000| Untracked 
| 115|0x0000000087300000, 0x0000000087300000, 0x0000000087400000|  0%| F|  |TAMS 0x0000000087300000, 0x0000000087300000| Untracked 
| 116|0x0000000087400000, 0x00000000874f05b8, 0x0000000087500000| 93%| E|  |TAMS 0x0000000087400000, 0x0000000087400000| Complete 
| 117|0x0000000087500000, 0x0000000087600000, 0x0000000087600000|100%| E|CS|TAMS 0x0000000087500000, 0x0000000087500000| Complete 
| 118|0x0000000087600000, 0x0000000087700000, 0x0000000087700000|100%| E|CS|TAMS 0x0000000087600000, 0x0000000087600000| Complete 
| 119|0x0000000087700000, 0x0000000087800000, 0x0000000087800000|100%| E|CS|TAMS 0x0000000087700000, 0x0000000087700000| Complete 
| 120|0x0000000087800000, 0x0000000087900000, 0x0000000087900000|100%| E|CS|TAMS 0x0000000087800000, 0x0000000087800000| Complete 
| 121|0x0000000087900000, 0x0000000087a00000, 0x0000000087a00000|100%| E|CS|TAMS 0x0000000087900000, 0x0000000087900000| Complete 
| 122|0x0000000087a00000, 0x0000000087b00000, 0x0000000087b00000|100%| E|CS|TAMS 0x0000000087a00000, 0x0000000087a00000| Complete 
| 123|0x0000000087b00000, 0x0000000087c00000, 0x0000000087c00000|100%| E|CS|TAMS 0x0000000087b00000, 0x0000000087b00000| Complete 
| 124|0x0000000087c00000, 0x0000000087d00000, 0x0000000087d00000|100%| E|CS|TAMS 0x0000000087c00000, 0x0000000087c00000| Complete 
| 125|0x0000000087d00000, 0x0000000087e00000, 0x0000000087e00000|100%| E|CS|TAMS 0x0000000087d00000, 0x0000000087d00000| Complete 
| 126|0x0000000087e00000, 0x0000000087f00000, 0x0000000087f00000|100%| E|CS|TAMS 0x0000000087e00000, 0x0000000087e00000| Complete 
| 127|0x0000000087f00000, 0x0000000088000000, 0x0000000088000000|100%| E|CS|TAMS 0x0000000087f00000, 0x0000000087f00000| Complete 

Card table byte_map: [0x000001ebb8e50000,0x000001ebb9250000] _byte_map_base: 0x000001ebb8a50000

Marking Bits (Prev, Next): (CMBitMap*) 0x000001eba27da778, (CMBitMap*) 0x000001eba27da7b0
 Prev Bits: [0x000001ebb9650000, 0x000001ebbb650000)
 Next Bits: [0x000001ebbb650000, 0x000001ebbd650000)

Polling page: 0x000001eba0540000

Metaspace:

Usage:
  Non-class:     17.24 MB capacity,    16.91 MB ( 98%) used,   286.21 KB (  2%) free+waste,    53.81 KB ( <1%) overhead. 
      Class:      2.30 MB capacity,     2.10 MB ( 91%) used,   177.72 KB (  8%) free+waste,    27.44 KB (  1%) overhead. 
       Both:     19.54 MB capacity,    19.01 MB ( 97%) used,   463.93 KB (  2%) free+waste,    81.25 KB ( <1%) overhead. 

Virtual space:
  Non-class space:       18.00 MB reserved,      17.25 MB ( 96%) committed 
      Class space:        1.00 GB reserved,       2.38 MB ( <1%) committed 
             Both:        1.02 GB reserved,      19.63 MB (  2%) committed 

Chunk freelists:
   Non-Class:  1.13 KB
       Class:  2.00 KB
        Both:  3.13 KB

CodeHeap 'non-profiled nmethods': size=120064Kb used=596Kb max_used=596Kb free=119467Kb
 bounds [0x000001ebb1910000, 0x000001ebb1b80000, 0x000001ebb8e50000]
CodeHeap 'profiled nmethods': size=120000Kb used=3343Kb max_used=3343Kb free=116656Kb
 bounds [0x000001ebaa3e0000, 0x000001ebaa730000, 0x000001ebb1910000]
CodeHeap 'non-nmethods': size=5696Kb used=1126Kb max_used=1145Kb free=4569Kb
 bounds [0x000001eba9e50000, 0x000001ebaa0c0000, 0x000001ebaa3e0000]
 total_blobs=2194 nmethods=1764 adapters=341
 compilation: enabled
              stopped_count=0, restarted_count=0
 full_count=0

Compilation events (10 events):
Event: 2.295 Thread 0x000001ebbfa3a000 nmethod 1732 0x000001ebaa711b10 code [0x000001ebaa711ca0, 0x000001ebaa711db8]
Event: 2.296 Thread 0x000001ebbfa37000 1733       4       jdk.internal.org.objectweb.asm.Frame::execute (2264 bytes)
Event: 2.299 Thread 0x000001ebbfa3a000 1735       3       java.util.Arrays::copyOfRange (89 bytes)
Event: 2.300 Thread 0x000001ebbfa3a000 nmethod 1735 0x000001ebaa711e90 code [0x000001ebaa712160, 0x000001ebaa713058]
Event: 2.300 Thread 0x000001ebbfa3a000 1736       3       jdk.internal.org.objectweb.asm.MethodWriter::visitFrame (233 bytes)
Event: 2.301 Thread 0x000001ebbfa3a000 nmethod 1736 0x000001ebaa713590 code [0x000001ebaa7137a0, 0x000001ebaa713f58]
Event: 2.301 Thread 0x000001ebbfa3a000 1737       3       java.lang.invoke.InvokerBytecodeGenerator::<init> (80 bytes)
Event: 2.302 Thread 0x000001ebbfa3a000 nmethod 1737 0x000001ebaa714290 code [0x000001ebaa714460, 0x000001ebaa714808]
Event: 2.304 Thread 0x000001ebbfa3a000 1742   !   3       java.lang.invoke.LambdaForm::compileToBytecode (162 bytes)
Event: 2.305 Thread 0x000001ebbfa3a000 nmethod 1742 0x000001ebaa714a90 code [0x000001ebaa714e40, 0x000001ebaa7164d8]

GC Heap History (8 events):
Event: 0.680 GC heap before
{Heap before GC invocations=0 (full 0):
 garbage-first heap   total 131072K, used 6144K [0x0000000080000000, 0x0000000100000000)
  region size 1024K, 7 young (7168K), 0 survivors (0K)
 Metaspace       used 8506K, capacity 8613K, committed 8832K, reserved 1056768K
  class space    used 759K, capacity 804K, committed 896K, reserved 1048576K
}
Event: 0.686 GC heap after
{Heap after GC invocations=1 (full 0):
 garbage-first heap   total 131072K, used 3233K [0x0000000080000000, 0x0000000100000000)
  region size 1024K, 1 young (1024K), 1 survivors (1024K)
 Metaspace       used 8506K, capacity 8613K, committed 8832K, reserved 1056768K
  class space    used 759K, capacity 804K, committed 896K, reserved 1048576K
}
Event: 0.931 GC heap before
{Heap before GC invocations=1 (full 0):
 garbage-first heap   total 131072K, used 8353K [0x0000000080000000, 0x0000000100000000)
  region size 1024K, 6 young (6144K), 1 survivors (1024K)
 Metaspace       used 10043K, capacity 10178K, committed 10240K, reserved 1058816K
  class space    used 924K, capacity 987K, committed 1024K, reserved 1048576K
}
Event: 0.938 GC heap after
{Heap after GC invocations=2 (full 0):
 garbage-first heap   total 131072K, used 4197K [0x0000000080000000, 0x0000000100000000)
  region size 1024K, 1 young (1024K), 1 survivors (1024K)
 Metaspace       used 10043K, capacity 10178K, committed 10240K, reserved 1058816K
  class space    used 924K, capacity 987K, committed 1024K, reserved 1048576K
}
Event: 1.435 GC heap before
{Heap before GC invocations=2 (full 0):
 garbage-first heap   total 131072K, used 14437K [0x0000000080000000, 0x0000000100000000)
  region size 1024K, 12 young (12288K), 1 survivors (1024K)
 Metaspace       used 13183K, capacity 13489K, committed 13824K, reserved 1060864K
  class space    used 1317K, capacity 1421K, committed 1536K, reserved 1048576K
}
Event: 1.444 GC heap after
{Heap after GC invocations=3 (full 0):
 garbage-first heap   total 131072K, used 4863K [0x0000000080000000, 0x0000000100000000)
  region size 1024K, 2 young (2048K), 2 survivors (2048K)
 Metaspace       used 13183K, capacity 13489K, committed 13824K, reserved 1060864K
  class space    used 1317K, capacity 1421K, committed 1536K, reserved 1048576K
}
Event: 1.939 GC heap before
{Heap before GC invocations=3 (full 0):
 garbage-first heap   total 131072K, used 20223K [0x0000000080000000, 0x0000000100000000)
  region size 1024K, 18 young (18432K), 2 survivors (2048K)
 Metaspace       used 17037K, capacity 17510K, committed 17664K, reserved 1064960K
  class space    used 1806K, capacity 1960K, committed 2048K, reserved 1048576K
}
Event: 1.947 GC heap after
{Heap after GC invocations=4 (full 0):
 garbage-first heap   total 131072K, used 5665K [0x0000000080000000, 0x0000000100000000)
  region size 1024K, 3 young (3072K), 3 survivors (3072K)
 Metaspace       used 17037K, capacity 17510K, committed 17664K, reserved 1064960K
  class space    used 1806K, capacity 1960K, committed 2048K, reserved 1048576K
}

Deoptimization events (10 events):
Event: 1.205 Thread 0x000001ebc0c97000 Uncommon trap: reason=unstable_if action=reinterpret pc=0x000001ebb1954584 method=java.io.WinNTFileSystem.normalize(Ljava/lang/String;II)Ljava/lang/String; @ 87 c2
Event: 1.245 Thread 0x000001ebc0c97000 Uncommon trap: reason=class_check action=maybe_recompile pc=0x000001ebb191d880 method=java.util.HashMap.putVal(ILjava/lang/Object;Ljava/lang/Object;ZZ)Ljava/lang/Object; @ 253 c2
Event: 1.246 Thread 0x000001ebc0c97000 Uncommon trap: reason=class_check action=maybe_recompile pc=0x000001ebb191d880 method=java.util.HashMap.putVal(ILjava/lang/Object;Ljava/lang/Object;ZZ)Ljava/lang/Object; @ 253 c2
Event: 1.246 Thread 0x000001ebc0c97000 Uncommon trap: reason=class_check action=maybe_recompile pc=0x000001ebb191d880 method=java.util.HashMap.putVal(ILjava/lang/Object;Ljava/lang/Object;ZZ)Ljava/lang/Object; @ 253 c2
Event: 1.540 Thread 0x000001ebc0c97000 Uncommon trap: reason=unstable_if action=reinterpret pc=0x000001ebb192f8f4 method=java.util.HashMap.hash(Ljava/lang/Object;)I @ 1 c2
Event: 1.540 Thread 0x000001ebc0c97000 Uncommon trap: reason=unstable_if action=reinterpret pc=0x000001ebb19513ac method=java.util.HashMap.hash(Ljava/lang/Object;)I @ 1 c2
Event: 1.735 Thread 0x000001ebc0c97000 Uncommon trap: reason=unstable_if action=reinterpret pc=0x000001ebb194b3b0 method=java.lang.StringLatin1.lastIndexOf([BI[BII)I @ 32 c2
Event: 1.799 Thread 0x000001ebc0c97000 Uncommon trap: reason=unstable_if action=reinterpret pc=0x000001ebb194ba20 method=java.util.HashMap.hash(Ljava/lang/Object;)I @ 1 c2
Event: 1.828 Thread 0x000001ebc0c97000 Uncommon trap: reason=unstable_if action=reinterpret pc=0x000001ebb1963d28 method=java.lang.StringBuilder.toString()Ljava/lang/String; @ 4 c2
Event: 1.909 Thread 0x000001ebc0c97000 Uncommon trap: reason=unstable_if action=reinterpret pc=0x000001ebb1935c64 method=java.lang.String.startsWith(Ljava/lang/String;I)Z @ 1 c2

Classes redefined (0 events):
No events

Internal exceptions (10 events):
Event: 1.889 Thread 0x000001ebc0c97000 Exception <a 'java/lang/NoSuchMethodError'{0x0000000086ff61c0}: java.lang.invoke.DirectMethodHandle$Holder.invokeStatic(Ljava/lang/Object;ILjava/lang/Object;)Ljava/lang/Object;> (0x0000000086ff61c0) thrown at [./open/src/hotspot/share/interpreter/linkReso
Event: 1.889 Thread 0x000001ebc0c97000 Exception <a 'java/lang/NoSuchMethodError'{0x0000000086ffa568}: java.lang.invoke.DirectMethodHandle$Holder.invokeSpecialIFC(Ljava/lang/Object;Ljava/lang/Object;Ljava/lang/Object;Ljava/lang/Object;)I> (0x0000000086ffa568) thrown at [./open/src/hotspot/shar
Event: 1.969 Thread 0x000001ebc0c97000 Exception <a 'java/lang/NoSuchMethodError'{0x0000000087f90730}: java.lang.invoke.DirectMethodHandle$Holder.invokeStaticInit(Ljava/lang/Object;Ljava/lang/Object;)V> (0x0000000087f90730) thrown at [./open/src/hotspot/share/interpreter/linkResolver.cpp, line
Event: 1.971 Thread 0x000001ebc0c97000 Exception <a 'java/lang/NoSuchMethodError'{0x0000000087fa2748}: java.lang.invoke.DirectMethodHandle$Holder.invokeStaticInit(Ljava/lang/Object;Ljava/lang/Object;Ljava/lang/Object;)V> (0x0000000087fa2748) thrown at [./open/src/hotspot/share/interpreter/link
Event: 2.016 Thread 0x000001ebc0c97000 Exception <a 'java/lang/NoSuchMethodError'{0x0000000087e72f70}: java.lang.invoke.DirectMethodHandle$Holder.invokeVirtual(Ljava/lang/Object;Ljava/lang/Object;Ljava/lang/Object;Ljava/lang/Object;)V> (0x0000000087e72f70) thrown at [./open/src/hotspot/share/i
Event: 2.147 Thread 0x000001ebc14fb800 Exception <a 'java/lang/NoClassDefFoundError'{0x0000000087b79138}: javax/validation/Validation> (0x0000000087b79138) thrown at [./open/src/hotspot/share/classfile/systemDictionary.cpp, line 215]
Event: 2.264 Thread 0x000001ebc14fb800 Exception <a 'java/lang/NoSuchMethodError'{0x00000000878ef2f8}: java.lang.invoke.DirectMethodHandle$Holder.invokeStaticInit(Ljava/lang/Object;Ljava/lang/Object;Ljava/lang/Object;Ljava/lang/Object;Ljava/lang/Object;)Ljava/lang/Object;> (0x00000000878ef2f8)
Event: 2.302 Thread 0x000001ebc14fb800 Exception <a 'java/lang/NoSuchMethodError'{0x00000000875b4c70}: java.lang.invoke.DirectMethodHandle$Holder.invokeSpecial(Ljava/lang/Object;Ljava/lang/Object;IILjava/lang/Object;Ljava/lang/Object;Ljava/lang/Object;)Ljava/lang/Object;> (0x00000000875b4c70) 
Event: 2.303 Thread 0x000001ebc14fb800 Exception <a 'java/lang/NoSuchMethodError'{0x00000000875b81f8}: java.lang.invoke.DelegatingMethodHandle$Holder.reinvoke_L(Ljava/lang/Object;IILjava/lang/Object;Ljava/lang/Object;Ljava/lang/Object;)Ljava/lang/Object;> (0x00000000875b81f8) thrown at [./open
Event: 2.303 Thread 0x000001ebc14fb800 Exception <a 'java/lang/NoSuchMethodError'{0x00000000875bc0d8}: java.lang.invoke.DirectMethodHandle$Holder.invokeStatic(Ljava/lang/Object;Ljava/lang/Object;Ljava/lang/Object;Ljava/lang/Object;I)Ljava/lang/Object;> (0x00000000875bc0d8) thrown at [./open/sr

Events (10 events):
Event: 2.291 loading class org/springframework/boot/BeanDefinitionLoader
Event: 2.291 loading class org/springframework/boot/BeanDefinitionLoader done
Event: 2.294 loading class org/springframework/beans/factory/support/AbstractBeanDefinitionReader
Event: 2.294 loading class org/springframework/beans/factory/support/AbstractBeanDefinitionReader done
Event: 2.294 loading class org/springframework/beans/factory/support/BeanDefinitionReader
Event: 2.294 loading class org/springframework/beans/factory/support/BeanDefinitionReader done
Event: 2.294 loading class org/springframework/beans/factory/xml/XmlBeanDefinitionReader
Event: 2.294 loading class org/springframework/beans/factory/xml/XmlBeanDefinitionReader done
Event: 2.303 loading class java/lang/invoke/BoundMethodHandle$Species_LI
Event: 2.303 loading class java/lang/invoke/BoundMethodHandle$Species_LI done


Dynamic libraries:
0x00007ff6df800000 - 0x00007ff6df80f000 	C:\Program Files\Java\jdk-11.0.15\bin\java.exe
0x00007ffd2d190000 - 0x00007ffd2d388000 	C:\Windows\SYSTEM32\ntdll.dll
0x00007ffd2b7a0000 - 0x00007ffd2b85d000 	C:\Windows\System32\KERNEL32.DLL
0x00007ffd2ab20000 - 0x00007ffd2adee000 	C:\Windows\System32\KERNELBASE.dll
0x00007ffd2a950000 - 0x00007ffd2aa50000 	C:\Windows\System32\ucrtbase.dll
0x00007ffd15ea0000 - 0x00007ffd15eb8000 	C:\Program Files\Java\jdk-11.0.15\bin\jli.dll
0x00007ffd2cf90000 - 0x00007ffd2d03e000 	C:\Windows\System32\ADVAPI32.dll
0x00007ffd2b700000 - 0x00007ffd2b79e000 	C:\Windows\System32\msvcrt.dll
0x00007ffd2b340000 - 0x00007ffd2b3dc000 	C:\Windows\System32\sechost.dll
0x00007ffd2bf20000 - 0x00007ffd2c045000 	C:\Windows\System32\RPCRT4.dll
0x00007ffd2b3e0000 - 0x00007ffd2b580000 	C:\Windows\System32\USER32.dll
0x00007ffd2aaf0000 - 0x00007ffd2ab12000 	C:\Windows\System32\win32u.dll
0x00007ffd2cc90000 - 0x00007ffd2ccba000 	C:\Windows\System32\GDI32.dll
0x00007ffd2b0e0000 - 0x00007ffd2b1eb000 	C:\Windows\System32\gdi32full.dll
0x00007ffd2a8b0000 - 0x00007ffd2a94d000 	C:\Windows\System32\msvcp_win.dll
0x00007ffd15e80000 - 0x00007ffd15e95000 	C:\Program Files\Java\jdk-11.0.15\bin\VCRUNTIME140.dll
0x00007ffd15be0000 - 0x00007ffd15e7a000 	C:\Windows\WinSxS\amd64_microsoft.windows.common-controls_6595b64144ccf1df_6.0.19041.1110_none_60b5254171f9507e\COMCTL32.dll
0x00007ffd22b90000 - 0x00007ffd22b9a000 	C:\Windows\SYSTEM32\VERSION.dll
0x00007ffd2b860000 - 0x00007ffd2b890000 	C:\Windows\System32\IMM32.DLL
0x00007ffd15b40000 - 0x00007ffd15bdb000 	C:\Program Files\Java\jdk-11.0.15\bin\msvcp140.dll
0x00007ffd15020000 - 0x00007ffd15b36000 	C:\Program Files\Java\jdk-11.0.15\bin\server\jvm.dll
0x00007ffd2b690000 - 0x00007ffd2b698000 	C:\Windows\System32\PSAPI.DLL
0x00007ffd20660000 - 0x00007ffd20669000 	C:\Windows\SYSTEM32\WSOCK32.dll
0x00007ffd2bde0000 - 0x00007ffd2be4b000 	C:\Windows\System32\WS2_32.dll
0x00007ffd1dba0000 - 0x00007ffd1dbc7000 	C:\Windows\SYSTEM32\WINMM.dll
0x00007ffd286b0000 - 0x00007ffd286c2000 	C:\Windows\SYSTEM32\kernel.appcore.dll
0x00007ffd14cd0000 - 0x00007ffd14ce0000 	C:\Program Files\Java\jdk-11.0.15\bin\verify.dll
0x00007ffd1dc20000 - 0x00007ffd1de04000 	C:\Windows\SYSTEM32\DBGHELP.DLL
0x00007ffd1daa0000 - 0x00007ffd1dacc000 	C:\Windows\SYSTEM32\dbgcore.DLL
0x00007ffd2b050000 - 0x00007ffd2b0d2000 	C:\Windows\System32\bcryptPrimitives.dll
0x00007ffd14ca0000 - 0x00007ffd14cc8000 	C:\Program Files\Java\jdk-11.0.15\bin\java.dll
0x00007ffd14c90000 - 0x00007ffd14c9a000 	C:\Program Files\Java\jdk-11.0.15\bin\jimage.dll
0x00007ffd149f0000 - 0x00007ffd149fe000 	C:\Program Files\Java\jdk-11.0.15\bin\instrument.dll
0x00007ffd14c70000 - 0x00007ffd14c86000 	C:\Program Files\Java\jdk-11.0.15\bin\zip.dll
0x00007ffd2c540000 - 0x00007ffd2cc84000 	C:\Windows\System32\SHELL32.dll
0x00007ffd28990000 - 0x00007ffd29124000 	C:\Windows\SYSTEM32\windows.storage.dll
0x00007ffd2ba80000 - 0x00007ffd2bdd4000 	C:\Windows\System32\combase.dll
0x00007ffd2a160000 - 0x00007ffd2a190000 	C:\Windows\SYSTEM32\Wldp.dll
0x00007ffd2d0a0000 - 0x00007ffd2d14d000 	C:\Windows\System32\SHCORE.dll
0x00007ffd2c050000 - 0x00007ffd2c0a5000 	C:\Windows\System32\shlwapi.dll
0x00007ffd2a7f0000 - 0x00007ffd2a80f000 	C:\Windows\SYSTEM32\profapi.dll
0x00007ffd14ad0000 - 0x00007ffd14ae9000 	C:\Program Files\Java\jdk-11.0.15\bin\net.dll
0x00007ffd22450000 - 0x00007ffd2255a000 	C:\Windows\SYSTEM32\WINHTTP.dll
0x00007ffd29f40000 - 0x00007ffd29faa000 	C:\Windows\system32\mswsock.dll
0x00007ffd14ab0000 - 0x00007ffd14ac2000 	C:\Program Files\Java\jdk-11.0.15\bin\nio.dll
0x00007ffd11c10000 - 0x00007ffd11c2a000 	C:\Program Files\JetBrains\IntelliJ IDEA Community Edition 2022.2.1\bin\breakgen64.dll
0x00007ffd14c40000 - 0x00007ffd14c49000 	C:\Program Files\Java\jdk-11.0.15\bin\management.dll
0x00007ffd142d0000 - 0x00007ffd142db000 	C:\Program Files\Java\jdk-11.0.15\bin\management_ext.dll
0x00007ffd189c0000 - 0x00007ffd189d7000 	C:\Windows\system32\napinsp.dll
0x00007ffd18720000 - 0x00007ffd1873b000 	C:\Windows\system32\pnrpnsp.dll
0x00007ffd18550000 - 0x00007ffd18565000 	C:\Windows\system32\wshbth.dll
0x00007ffd26270000 - 0x00007ffd2628d000 	C:\Windows\system32\NLAapi.dll
0x00007ffd29c50000 - 0x00007ffd29c8b000 	C:\Windows\SYSTEM32\IPHLPAPI.DLL
0x00007ffd29ca0000 - 0x00007ffd29d6a000 	C:\Windows\SYSTEM32\DNSAPI.dll
0x00007ffd2c0b0000 - 0x00007ffd2c0b8000 	C:\Windows\System32\NSI.dll
0x00007ffd18530000 - 0x00007ffd18542000 	C:\Windows\System32\winrnr.dll
0x00007ffd21900000 - 0x00007ffd2190a000 	C:\Windows\System32\rasadhlp.dll
0x00007ffd223d0000 - 0x00007ffd22450000 	C:\Windows\System32\fwpuclnt.dll
0x00007ffd2aac0000 - 0x00007ffd2aae7000 	C:\Windows\System32\bcrypt.dll

dbghelp: loaded successfully - version: 4.0.5 - missing functions: none
symbol engine: initialized successfully - sym options: 0x614 - pdb path: .;C:\Program Files\Java\jdk-11.0.15\bin;C:\Windows\SYSTEM32;C:\Windows\WinSxS\amd64_microsoft.windows.common-controls_6595b64144ccf1df_6.0.19041.1110_none_60b5254171f9507e;C:\Program Files\Java\jdk-11.0.15\bin\server;C:\Program Files\JetBrains\IntelliJ IDEA Community Edition 2022.2.1\bin

VM Arguments:
jvm_args: -javaagent:C:\Program Files\JetBrains\IntelliJ IDEA Community Edition 2022.2.1\lib\idea_rt.jar=59780:C:\Program Files\JetBrains\IntelliJ IDEA Community Edition 2022.2.1\bin -Dfile.encoding=UTF-8 
java_command: com.training.Microservice5Application
java_class_path (initial): C:\Users\sfjbs\Downloads\resilience4j-main\resilience4j-main\target\classes;C:\Users\sfjbs\.m2\repository\org\springframework\boot\spring-boot-starter-web\2.6.2\spring-boot-starter-web-2.6.2.jar;C:\Users\sfjbs\.m2\repository\org\springframework\boot\spring-boot-starter\2.6.2\spring-boot-starter-2.6.2.jar;C:\Users\sfjbs\.m2\repository\org\springframework\boot\spring-boot-starter-logging\2.6.2\spring-boot-starter-logging-2.6.2.jar;C:\Users\sfjbs\.m2\repository\ch\qos\logback\logback-classic\1.2.9\logback-classic-1.2.9.jar;C:\Users\sfjbs\.m2\repository\ch\qos\logback\logback-core\1.2.9\logback-core-1.2.9.jar;C:\Users\sfjbs\.m2\repository\org\apache\logging\log4j\log4j-to-slf4j\2.17.0\log4j-to-slf4j-2.17.0.jar;C:\Users\sfjbs\.m2\repository\org\apache\logging\log4j\log4j-api\2.17.0\log4j-api-2.17.0.jar;C:\Users\sfjbs\.m2\repository\org\slf4j\jul-to-slf4j\1.7.32\jul-to-slf4j-1.7.32.jar;C:\Users\sfjbs\.m2\repository\jakarta\annotation\jakarta.annotation-api\1.3.5\jakarta.annotation-api-1.3.5.jar;C:\Users\sfjbs\.m2\repository\org\springframework\spring-core\5.3.14\spring-core-5.3.14.jar;C:\Users\sfjbs\.m2\repository\org\springframework\spring-jcl\5.3.14\spring-jcl-5.3.14.jar;C:\Users\sfjbs\.m2\repository\org\yaml\snakeyaml\1.29\snakeyaml-1.29.jar;C:\Users\sfjbs\.m2\repository\org\springframework\boot\spring-boot-starter-json\2.6.2\spring-boot-starter-json-2.6.2.jar;C:\Users\sfjbs\.m2\repository\com\fasterxml\jackson\core\jackson-databind\2.13.1\jackson-databind-2.13.1.jar;C:\Users\sfjbs\.m2\repository\com\fasterxml\jackson\core\jackson-annotations\2.13.1\jackson-annotations-2.13.1.jar;C:\Users\sfjbs\.m2\repository\com\fasterxml\jackson\core\jackson-core\2.13.1\jackson-core-2.13.1.jar;C:\Users\sfjbs\.m2\repository\com\fasterxml\jackson\datatype\jackson-datatype-jdk8\2.13.1\jackson-datatype-jdk8-2.13.1.jar;C:\Users\sfjbs\.m2\repository\com\fasterxml\jackson\datatype\jackson-datatype-jsr310\2.13.1\jackson-datatype-jsr310-2.13.1.jar;C:\Users\sfjbs\.
Launcher Type: SUN_STANDARD

[Global flags]
     intx CICompilerCount                          = 2                                         {product} {ergonomic}
     uint ConcGCThreads                            = 1                                         {product} {ergonomic}
     uint G1ConcRefinementThreads                  = 2                                         {product} {ergonomic}
   size_t G1HeapRegionSize                         = 1048576                                   {product} {ergonomic}
    uintx GCDrainStackTargetSize                   = 64                                        {product} {ergonomic}
   size_t InitialHeapSize                          = 134217728                                 {product} {ergonomic}
   size_t MarkStackSize                            = 4194304                                   {product} {ergonomic}
   size_t MaxHeapSize                              = 2147483648                                {product} {ergonomic}
   size_t MaxNewSize                               = 1287651328                                {product} {ergonomic}
   size_t MinHeapDeltaBytes                        = 1048576                                   {product} {ergonomic}
    uintx NonNMethodCodeHeapSize                   = 5825164                                {pd product} {ergonomic}
    uintx NonProfiledCodeHeapSize                  = 122916538                              {pd product} {ergonomic}
    uintx ProfiledCodeHeapSize                     = 122916538                              {pd product} {ergonomic}
    uintx ReservedCodeCacheSize                    = 251658240                              {pd product} {ergonomic}
     bool SegmentedCodeCache                       = true                                      {product} {ergonomic}
     bool UseCompressedClassPointers               = true                                 {lp64_product} {ergonomic}
     bool UseCompressedOops                        = true                                 {lp64_product} {ergonomic}
     bool UseG1GC                                  = true                                      {product} {ergonomic}
     bool UseLargePagesIndividualAllocation        = false                                  {pd product} {ergonomic}

Logging:
Log output configuration:
 #0: stdout all=warning uptime,level,tags
 #1: stderr all=off uptime,level,tags

Environment Variables:
PATH=C:\Program Files\Common Files\Oracle\Java\javapath;C:\Windows\system32;C:\Windows;C:\Windows\System32\Wbem;C:\Windows\System32\WindowsPowerShell\v1.0\;C:\Windows\System32\OpenSSH\;C:\Program Files\PuTTY\;C:\Program Files\Git\cmd;C:\Program Files\Docker\Docker\resources\bin;C:\ProgramData\DockerDesktop\version-bin;C:\Users\sfjbs\Downloads\apache-maven-3.8.6-bin\apache-maven-3.8.6\bin;C:\Users\sfjbs\Downloads\apache-maven-3.8.6-bin\apache-maven-3.8.6\lib;C:\Users\sfjbs\AppData\Local\Microsoft\WindowsApps;C:\Program Files\JetBrains\IntelliJ IDEA Community Edition 2022.2.1\bin;;C:\Users\sfjbs\Downloads\apache-maven-3.8.6-bin\apache-maven-3.8.6\bin;C:\Users\sfjbs\Downloads\apache-maven-3.8.6-bin\apache-maven-3.8.6\lib;
USERNAME=sfjbs
OS=Windows_NT
PROCESSOR_IDENTIFIER=Intel64 Family 6 Model 85 Stepping 7, GenuineIntel



---------------  S Y S T E M  ---------------

OS: Windows 10 , 64 bit Build 19041 (10.0.19041.1889)
Hyper-V role detected

CPU:total 2 (initial active 2) (1 cores per cpu, 2 threads per core) family 6 model 85 stepping 7 microcode 0xffffffff, cmov, cx8, fxsr, mmx, sse, sse2, sse3, ssse3, sse4.1, sse4.2, popcnt, avx, avx2, aes, clmul, erms, rtm, 3dnowpref, lzcnt, ht, tsc, bmi1, bmi2, adx, evex, fma

Memory: 4k page, system-wide physical 8190M (1237M free)
TotalPageFile size 10238M (AvailPageFile size 5M)
current process WorkingSet (physical memory assigned to process): 88M, peak: 88M
current process commit charge ("private bytes"): 221M, peak: 221M

vm_info: Java HotSpot(TM) 64-Bit Server VM (11.0.15+8-LTS-149) for windows-amd64 JRE (11.0.15+8-LTS-149), built on Mar  9 2022 22:42:32 by "mach5one" with MS VC++ 15.9 (VS2017)

END.
